<?xml version="1.0" encoding="UTF-8"?>
<coverage generated="1781856542242" clover="3.2.0">
  <project timestamp="1781856542243" name="All files">
    <metrics statements="554" coveredstatements="113" conditionals="330" coveredconditionals="73" methods="130" coveredmethods="19" elements="1014" coveredelements="205" complexity="0" loc="554" ncloc="554" packages="1" files="1" classes="1"/>
    <file name="sidecarClient.ts" path="C:\Dev\AGRAFES\tauri-prep\src\lib\sidecarClient.ts">
      <metrics statements="554" coveredstatements="113" conditionals="330" coveredconditionals="73" methods="130" coveredmethods="19"/>
      <line num="21" count="1" type="stmt"/>
      <line num="26" count="0" type="stmt"/>
      <line num="89" count="1" type="stmt"/>
      <line num="90" count="1" type="stmt"/>
      <line num="104" count="0" type="cond" truecount="0" falsecount="4"/>
      <line num="105" count="0" type="stmt"/>
      <line num="106" count="0" type="stmt"/>
      <line num="108" count="0" type="stmt"/>
      <line num="109" count="0" type="stmt"/>
      <line num="111" count="0" type="stmt"/>
      <line num="112" count="0" type="cond" truecount="0" falsecount="4"/>
      <line num="113" count="0" type="stmt"/>
      <line num="114" count="0" type="stmt"/>
      <line num="115" count="0" type="stmt"/>
      <line num="116" count="0" type="stmt"/>
      <line num="118" count="0" type="stmt"/>
      <line num="119" count="0" type="stmt"/>
      <line num="123" count="0" type="stmt"/>
      <line num="127" count="0" type="stmt"/>
      <line num="135" count="0" type="stmt"/>
      <line num="136" count="0" type="stmt"/>
      <line num="137" count="0" type="stmt"/>
      <line num="138" count="0" type="cond" truecount="0" falsecount="2"/>
      <line num="140" count="0" type="stmt"/>
      <line num="298" count="0" type="stmt"/>
      <line num="319" count="0" type="stmt"/>
      <line num="342" count="0" type="stmt"/>
      <line num="375" count="0" type="stmt"/>
      <line num="409" count="0" type="stmt"/>
      <line num="429" count="0" type="stmt"/>
      <line num="457" count="0" type="stmt"/>
      <line num="472" count="0" type="stmt"/>
      <line num="482" count="0" type="stmt"/>
      <line num="501" count="0" type="stmt"/>
      <line num="517" count="0" type="stmt"/>
      <line num="1016" count="1" type="stmt"/>
      <line num="1017" count="1" type="stmt"/>
      <line num="1018" count="1" type="stmt"/>
      <line num="1019" count="1" type="stmt"/>
      <line num="1020" count="1" type="stmt"/>
      <line num="1021" count="1" type="stmt"/>
      <line num="1023" count="1" type="cond" truecount="2" falsecount="0"/>
      <line num="1024" count="1" type="cond" truecount="1" falsecount="1"/>
      <line num="1025" count="1" type="cond" truecount="1" falsecount="1"/>
      <line num="1026" count="1" type="stmt"/>
      <line num="1027" count="1" type="cond" truecount="1" falsecount="1"/>
      <line num="1032" count="1" type="stmt"/>
      <line num="1033" count="1" type="cond" truecount="1" falsecount="1"/>
      <line num="1041" count="29" type="stmt"/>
      <line num="1043" count="29" type="cond" truecount="2" falsecount="0"/>
      <line num="1044" count="17" type="stmt"/>
      <line num="1046" count="29" type="cond" truecount="1" falsecount="1"/>
      <line num="1047" count="0" type="cond" truecount="0" falsecount="2"/>
      <line num="1048" count="0" type="stmt"/>
      <line num="1049" count="29" type="cond" truecount="1" falsecount="1"/>
      <line num="1050" count="0" type="cond" truecount="0" falsecount="2"/>
      <line num="1051" count="0" type="stmt"/>
      <line num="1053" count="29" type="cond" truecount="2" falsecount="0"/>
      <line num="1054" count="12" type="stmt"/>
      <line num="1057" count="29" type="stmt"/>
      <line num="1065" count="6" type="cond" truecount="2" falsecount="0"/>
      <line num="1066" count="1" type="cond" truecount="1" falsecount="1"/>
      <line num="1067" count="0" type="stmt"/>
      <line num="1068" count="0" type="stmt"/>
      <line num="1069" count="0" type="stmt"/>
      <line num="1071" count="0" type="stmt"/>
      <line num="1073" count="1" type="cond" truecount="1" falsecount="1"/>
      <line num="1074" count="0" type="stmt"/>
      <line num="1075" count="0" type="stmt"/>
      <line num="1076" count="0" type="stmt"/>
      <line num="1078" count="0" type="stmt"/>
      <line num="1080" count="1" type="stmt"/>
      <line num="1084" count="0" type="cond" truecount="0" falsecount="2"/>
      <line num="1085" count="0" type="stmt"/>
      <line num="1086" count="0" type="stmt"/>
      <line num="1088" count="0" type="stmt"/>
      <line num="1095" count="18" type="cond" truecount="2" falsecount="0"/>
      <line num="1096" count="18" type="cond" truecount="2" falsecount="0"/>
      <line num="1098" count="13" type="cond" truecount="4" falsecount="0"/>
      <line num="1099" count="18" type="stmt"/>
      <line num="1100" count="18" type="cond" truecount="5" falsecount="0"/>
      <line num="1101" count="7" type="stmt"/>
      <line num="1103" count="6" type="stmt"/>
      <line num="1107" count="8" type="stmt"/>
      <line num="1111" count="11" type="stmt"/>
      <line num="1112" count="11" type="stmt"/>
      <line num="1113" count="11" type="stmt"/>
      <line num="1114" count="11" type="cond" truecount="3" falsecount="0"/>
      <line num="1116" count="1" type="stmt"/>
      <line num="1121" count="6" type="cond" truecount="2" falsecount="0"/>
      <line num="1122" count="6" type="stmt"/>
      <line num="1123" count="6" type="cond" truecount="1" falsecount="1"/>
      <line num="1125" count="6" type="cond" truecount="1" falsecount="1"/>
      <line num="1126" count="0" type="cond" truecount="0" falsecount="2"/>
      <line num="1127" count="0" type="stmt"/>
      <line num="1133" count="0" type="stmt"/>
      <line num="1134" count="0" type="stmt"/>
      <line num="1135" count="0" type="stmt"/>
      <line num="1136" count="0" type="stmt"/>
      <line num="1137" count="0" type="cond" truecount="0" falsecount="2"/>
      <line num="1138" count="0" type="stmt"/>
      <line num="1139" count="0" type="stmt"/>
      <line num="1140" count="0" type="stmt"/>
      <line num="1141" count="0" type="stmt"/>
      <line num="1144" count="0" type="stmt"/>
      <line num="1148" count="0" type="stmt"/>
      <line num="1155" count="0" type="stmt"/>
      <line num="1157" count="0" type="stmt"/>
      <line num="1164" count="0" type="cond" truecount="0" falsecount="2"/>
      <line num="1166" count="0" type="cond" truecount="0" falsecount="2"/>
      <line num="1169" count="0" type="stmt"/>
      <line num="1170" count="0" type="cond" truecount="0" falsecount="2"/>
      <line num="1171" count="0" type="stmt"/>
      <line num="1175" count="0" type="stmt"/>
      <line num="1176" count="0" type="stmt"/>
      <line num="1177" count="0" type="stmt"/>
      <line num="1178" count="0" type="stmt"/>
      <line num="1185" count="0" type="stmt"/>
      <line num="1187" count="0" type="stmt"/>
      <line num="1193" count="0" type="stmt"/>
      <line num="1198" count="6" type="cond" truecount="1" falsecount="1"/>
      <line num="1199" count="6" type="stmt"/>
      <line num="1203" count="6" type="stmt"/>
      <line num="1204" count="6" type="stmt"/>
      <line num="1213" count="6" type="stmt"/>
      <line num="1219" count="6" type="stmt"/>
      <line num="1221" count="0" type="stmt"/>
      <line num="1226" count="0" type="stmt"/>
      <line num="1231" count="0" type="stmt"/>
      <line num="1232" count="0" type="stmt"/>
      <line num="1233" count="0" type="stmt"/>
      <line num="1234" count="0" type="stmt"/>
      <line num="1241" count="0" type="stmt"/>
      <line num="1243" count="0" type="stmt"/>
      <line num="1249" count="0" type="stmt"/>
      <line num="1256" count="0" type="cond" truecount="0" falsecount="2"/>
      <line num="1257" count="0" type="cond" truecount="0" falsecount="2"/>
      <line num="1258" count="0" type="stmt"/>
      <line num="1259" count="0" type="cond" truecount="0" falsecount="2"/>
      <line num="1260" count="0" type="stmt"/>
      <line num="1262" count="0" type="stmt"/>
      <line num="1266" count="0" type="stmt"/>
      <line num="1267" count="0" type="stmt"/>
      <line num="1269" count="0" type="stmt"/>
      <line num="1274" count="0" type="cond" truecount="0" falsecount="5"/>
      <line num="1275" count="0" type="stmt"/>
      <line num="1277" count="0" type="cond" truecount="0" falsecount="2"/>
      <line num="1278" count="0" type="stmt"/>
      <line num="1279" count="0" type="cond" truecount="0" falsecount="4"/>
      <line num="1281" count="0" type="stmt"/>
      <line num="1285" count="5" type="cond" truecount="1" falsecount="1"/>
      <line num="1286" count="5" type="stmt"/>
      <line num="1287" count="5" type="cond" truecount="2" falsecount="0"/>
      <line num="1291" count="5" type="cond" truecount="1" falsecount="1"/>
      <line num="1292" count="5" type="cond" truecount="1" falsecount="1"/>
      <line num="1295" count="5" type="stmt"/>
      <line num="1299" count="5" type="stmt"/>
      <line num="1302" count="5" type="stmt"/>
      <line num="1303" count="5" type="stmt"/>
      <line num="1305" count="0" type="stmt"/>
      <line num="1317" count="0" type="cond" truecount="0" falsecount="2"/>
      <line num="1318" count="0" type="cond" truecount="0" falsecount="2"/>
      <line num="1319" count="0" type="cond" truecount="0" falsecount="2"/>
      <line num="1320" count="0" type="cond" truecount="0" falsecount="2"/>
      <line num="1321" count="0" type="stmt"/>
      <line num="1322" count="0" type="stmt"/>
      <line num="1324" count="0" type="stmt"/>
      <line num="1336" count="0" type="cond" truecount="0" falsecount="2"/>
      <line num="1337" count="0" type="stmt"/>
      <line num="1341" count="0" type="stmt"/>
      <line num="1344" count="0" type="stmt"/>
      <line num="1345" count="0" type="stmt"/>
      <line num="1346" count="0" type="stmt"/>
      <line num="1348" count="0" type="stmt"/>
      <line num="1349" count="0" type="stmt"/>
      <line num="1350" count="0" type="stmt"/>
      <line num="1351" count="0" type="stmt"/>
      <line num="1358" count="0" type="stmt"/>
      <line num="1359" count="0" type="stmt"/>
      <line num="1360" count="0" type="stmt"/>
      <line num="1361" count="0" type="stmt"/>
      <line num="1363" count="0" type="stmt"/>
      <line num="1364" count="0" type="stmt"/>
      <line num="1365" count="0" type="stmt"/>
      <line num="1367" count="0" type="stmt"/>
      <line num="1368" count="0" type="stmt"/>
      <line num="1369" count="0" type="stmt"/>
      <line num="1371" count="0" type="stmt"/>
      <line num="1372" count="0" type="stmt"/>
      <line num="1382" count="0" type="cond" truecount="0" falsecount="2"/>
      <line num="1383" count="0" type="cond" truecount="0" falsecount="5"/>
      <line num="1384" count="0" type="stmt"/>
      <line num="1393" count="0" type="stmt"/>
      <line num="1395" count="0" type="stmt"/>
      <line num="1396" count="0" type="stmt"/>
      <line num="1406" count="0" type="stmt"/>
      <line num="1407" count="0" type="stmt"/>
      <line num="1418" count="0" type="stmt"/>
      <line num="1419" count="0" type="stmt"/>
      <line num="1420" count="0" type="stmt"/>
      <line num="1421" count="0" type="stmt"/>
      <line num="1431" count="0" type="stmt"/>
      <line num="1432" count="0" type="cond" truecount="0" falsecount="2"/>
      <line num="1433" count="0" type="stmt"/>
      <line num="1436" count="0" type="stmt"/>
      <line num="1440" count="0" type="stmt"/>
      <line num="1444" count="0" type="stmt"/>
      <line num="1448" count="0" type="stmt"/>
      <line num="1451" count="0" type="cond" truecount="0" falsecount="2"/>
      <line num="1452" count="0" type="stmt"/>
      <line num="1457" count="0" type="stmt"/>
      <line num="1458" count="0" type="cond" truecount="0" falsecount="4"/>
      <line num="1460" count="0" type="cond" truecount="0" falsecount="3"/>
      <line num="1463" count="0" type="cond" truecount="0" falsecount="2"/>
      <line num="1464" count="0" type="stmt"/>
      <line num="1466" count="0" type="stmt"/>
      <line num="1470" count="0" type="stmt"/>
      <line num="1473" count="0" type="cond" truecount="0" falsecount="2"/>
      <line num="1474" count="0" type="stmt"/>
      <line num="1479" count="0" type="stmt"/>
      <line num="1480" count="0" type="cond" truecount="0" falsecount="4"/>
      <line num="1482" count="0" type="cond" truecount="0" falsecount="3"/>
      <line num="1485" count="0" type="cond" truecount="0" falsecount="2"/>
      <line num="1486" count="0" type="stmt"/>
      <line num="1488" count="0" type="stmt"/>
      <line num="1492" count="1" type="stmt"/>
      <line num="1493" count="1" type="cond" truecount="1" falsecount="1"/>
      <line num="1494" count="1" type="stmt"/>
      <line num="1495" count="1" type="stmt"/>
      <line num="1496" count="1" type="cond" truecount="1" falsecount="1"/>
      <line num="1497" count="0" type="cond" truecount="0" falsecount="2"/>
      <line num="1498" count="0" type="stmt"/>
      <line num="1500" count="1" type="stmt"/>
      <line num="1504" count="5" type="stmt"/>
      <line num="1508" count="0" type="stmt"/>
      <line num="1509" count="0" type="stmt"/>
      <line num="1513" count="0" type="cond" truecount="0" falsecount="5"/>
      <line num="1514" count="0" type="stmt"/>
      <line num="1515" count="0" type="stmt"/>
      <line num="1516" count="0" type="stmt"/>
      <line num="1517" count="0" type="stmt"/>
      <line num="1518" count="0" type="stmt"/>
      <line num="1520" count="0" type="stmt"/>
      <line num="1523" count="0" type="stmt"/>
      <line num="1527" count="1" type="stmt"/>
      <line num="1528" count="1" type="stmt"/>
      <line num="1530" count="0" type="cond" truecount="0" falsecount="5"/>
      <line num="1531" count="0" type="stmt"/>
      <line num="1532" count="0" type="stmt"/>
      <line num="1533" count="0" type="stmt"/>
      <line num="1534" count="0" type="stmt"/>
      <line num="1535" count="0" type="stmt"/>
      <line num="1537" count="0" type="stmt"/>
      <line num="1540" count="0" type="stmt"/>
      <line num="1544" count="0" type="stmt"/>
      <line num="1545" count="0" type="stmt"/>
      <line num="1547" count="0" type="cond" truecount="0" falsecount="5"/>
      <line num="1548" count="0" type="stmt"/>
      <line num="1549" count="0" type="stmt"/>
      <line num="1550" count="0" type="stmt"/>
      <line num="1551" count="0" type="stmt"/>
      <line num="1552" count="0" type="stmt"/>
      <line num="1554" count="0" type="stmt"/>
      <line num="1557" count="0" type="stmt"/>
      <line num="1566" count="2" type="stmt"/>
      <line num="1567" count="2" type="stmt"/>
      <line num="1568" count="2" type="stmt"/>
      <line num="1575" count="6" type="stmt"/>
      <line num="1578" count="6" type="cond" truecount="4" falsecount="0"/>
      <line num="1579" count="1" type="stmt"/>
      <line num="1580" count="1" type="stmt"/>
      <line num="1582" count="1" type="cond" truecount="1" falsecount="1"/>
      <line num="1583" count="0" type="stmt"/>
      <line num="1584" count="0" type="cond" truecount="0" falsecount="2"/>
      <line num="1585" count="0" type="cond" truecount="0" falsecount="2"/>
      <line num="1586" count="0" type="stmt"/>
      <line num="1587" count="0" type="stmt"/>
      <line num="1588" count="0" type="stmt"/>
      <line num="1591" count="1" type="stmt"/>
      <line num="1592" count="1" type="stmt"/>
      <line num="1594" count="0" type="stmt"/>
      <line num="1595" count="0" type="stmt"/>
      <line num="1596" count="0" type="stmt"/>
      <line num="1598" count="5" type="cond" truecount="2" falsecount="2"/>
      <line num="1599" count="0" type="stmt"/>
      <line num="1600" count="0" type="stmt"/>
      <line num="1601" count="0" type="stmt"/>
      <line num="1605" count="5" type="stmt"/>
      <line num="1606" count="5" type="stmt"/>
      <line num="1607" count="5" type="stmt"/>
      <line num="1608" count="5" type="cond" truecount="1" falsecount="1"/>
      <line num="1613" count="5" type="cond" truecount="1" falsecount="1"/>
      <line num="1614" count="5" type="cond" truecount="3" falsecount="1"/>
      <line num="1615" count="0" type="stmt"/>
      <line num="1617" count="0" type="cond" truecount="0" falsecount="2"/>
      <line num="1618" count="0" type="stmt"/>
      <line num="1619" count="0" type="stmt"/>
      <line num="1620" count="0" type="cond" truecount="0" falsecount="4"/>
      <line num="1621" count="0" type="stmt"/>
      <line num="1622" count="0" type="stmt"/>
      <line num="1623" count="0" type="stmt"/>
      <line num="1624" count="0" type="stmt"/>
      <line num="1625" count="0" type="stmt"/>
      <line num="1632" count="5" type="cond" truecount="1" falsecount="1"/>
      <line num="1633" count="5" type="stmt"/>
      <line num="1634" count="5" type="stmt"/>
      <line num="1635" count="5" type="cond" truecount="3" falsecount="1"/>
      <line num="1636" count="5" type="stmt"/>
      <line num="1637" count="5" type="stmt"/>
      <line num="1638" count="5" type="stmt"/>
      <line num="1639" count="5" type="stmt"/>
      <line num="1640" count="5" type="cond" truecount="3" falsecount="1"/>
      <line num="1641" count="5" type="cond" truecount="3" falsecount="1"/>
      <line num="1642" count="0" type="stmt"/>
      <line num="1647" count="5" type="stmt"/>
      <line num="1651" count="5" type="stmt"/>
      <line num="1652" count="5" type="stmt"/>
      <line num="1653" count="5" type="stmt"/>
      <line num="1654" count="5" type="stmt"/>
      <line num="1657" count="0" type="stmt"/>
      <line num="1659" count="0" type="stmt"/>
      <line num="1667" count="0" type="stmt"/>
      <line num="1668" count="0" type="stmt"/>
      <line num="1672" count="0" type="cond" truecount="0" falsecount="2"/>
      <line num="1673" count="0" type="stmt"/>
      <line num="1674" count="0" type="stmt"/>
      <line num="1678" count="0" type="stmt"/>
      <line num="1681" count="0" type="stmt"/>
      <line num="1693" count="0" type="stmt"/>
      <line num="1694" count="0" type="cond" truecount="0" falsecount="2"/>
      <line num="1695" count="0" type="stmt"/>
      <line num="1696" count="0" type="stmt"/>
      <line num="1701" count="0" type="stmt"/>
      <line num="1704" count="0" type="stmt"/>
      <line num="1705" count="0" type="stmt"/>
      <line num="1710" count="0" type="stmt"/>
      <line num="1711" count="0" type="stmt"/>
      <line num="1719" count="0" type="stmt"/>
      <line num="1720" count="0" type="stmt"/>
      <line num="1721" count="0" type="stmt"/>
      <line num="1724" count="0" type="cond" truecount="0" falsecount="2"/>
      <line num="1727" count="0" type="stmt"/>
      <line num="1730" count="0" type="stmt"/>
      <line num="1731" count="0" type="stmt"/>
      <line num="1732" count="0" type="stmt"/>
      <line num="1734" count="0" type="stmt"/>
      <line num="1735" count="0" type="stmt"/>
      <line num="1737" count="0" type="stmt"/>
      <line num="1738" count="0" type="stmt"/>
      <line num="1739" count="0" type="stmt"/>
      <line num="1746" count="0" type="stmt"/>
      <line num="1748" count="0" type="stmt"/>
      <line num="1749" count="0" type="stmt"/>
      <line num="1751" count="0" type="cond" truecount="0" falsecount="2"/>
      <line num="1752" count="0" type="stmt"/>
      <line num="1753" count="0" type="cond" truecount="0" falsecount="2"/>
      <line num="1754" count="0" type="stmt"/>
      <line num="1755" count="0" type="stmt"/>
      <line num="1758" count="0" type="stmt"/>
      <line num="1759" count="0" type="stmt"/>
      <line num="1765" count="0" type="stmt"/>
      <line num="1770" count="0" type="cond" truecount="0" falsecount="2"/>
      <line num="1771" count="0" type="stmt"/>
      <line num="1776" count="0" type="stmt"/>
      <line num="1778" count="0" type="cond" truecount="0" falsecount="4"/>
      <line num="1781" count="0" type="stmt"/>
      <line num="1782" count="0" type="cond" truecount="0" falsecount="2"/>
      <line num="1783" count="0" type="cond" truecount="0" falsecount="4"/>
      <line num="1784" count="0" type="stmt"/>
      <line num="1785" count="0" type="stmt"/>
      <line num="1786" count="0" type="stmt"/>
      <line num="1787" count="0" type="cond" truecount="0" falsecount="2"/>
      <line num="1788" count="0" type="cond" truecount="0" falsecount="2"/>
      <line num="1791" count="0" type="cond" truecount="0" falsecount="3"/>
      <line num="1794" count="0" type="cond" truecount="0" falsecount="2"/>
      <line num="1797" count="0" type="cond" truecount="0" falsecount="2"/>
      <line num="1798" count="0" type="stmt"/>
      <line num="1804" count="0" type="cond" truecount="0" falsecount="2"/>
      <line num="1809" count="0" type="stmt"/>
      <line num="1810" count="0" type="stmt"/>
      <line num="1811" count="0" type="stmt"/>
      <line num="1812" count="0" type="stmt"/>
      <line num="1820" count="0" type="stmt"/>
      <line num="1821" count="0" type="stmt"/>
      <line num="1822" count="0" type="stmt"/>
      <line num="1823" count="0" type="stmt"/>
      <line num="1824" count="0" type="stmt"/>
      <line num="1825" count="0" type="stmt"/>
      <line num="1826" count="0" type="stmt"/>
      <line num="1827" count="0" type="stmt"/>
      <line num="1828" count="0" type="stmt"/>
      <line num="1829" count="0" type="stmt"/>
      <line num="1830" count="0" type="stmt"/>
      <line num="1836" count="0" type="stmt"/>
      <line num="1837" count="0" type="cond" truecount="0" falsecount="2"/>
      <line num="1838" count="0" type="stmt"/>
      <line num="1839" count="0" type="stmt"/>
      <line num="1840" count="0" type="stmt"/>
      <line num="1841" count="0" type="stmt"/>
      <line num="1842" count="0" type="stmt"/>
      <line num="1844" count="0" type="stmt"/>
      <line num="1845" count="0" type="cond" truecount="0" falsecount="2"/>
      <line num="1846" count="0" type="stmt"/>
      <line num="1847" count="0" type="stmt"/>
      <line num="1850" count="0" type="stmt"/>
      <line num="1851" count="0" type="stmt"/>
      <line num="1852" count="0" type="stmt"/>
      <line num="1853" count="0" type="stmt"/>
      <line num="1855" count="0" type="stmt"/>
      <line num="1862" count="0" type="stmt"/>
      <line num="1864" count="0" type="stmt"/>
      <line num="1877" count="0" type="stmt"/>
      <line num="1882" count="0" type="stmt"/>
      <line num="1883" count="0" type="cond" truecount="0" falsecount="2"/>
      <line num="1886" count="0" type="stmt"/>
      <line num="1887" count="0" type="stmt"/>
      <line num="1888" count="0" type="cond" truecount="0" falsecount="2"/>
      <line num="1889" count="0" type="cond" truecount="0" falsecount="2"/>
      <line num="1890" count="0" type="stmt"/>
      <line num="1891" count="0" type="stmt"/>
      <line num="1892" count="0" type="cond" truecount="0" falsecount="2"/>
      <line num="1893" count="0" type="cond" truecount="0" falsecount="2"/>
      <line num="1894" count="0" type="stmt"/>
      <line num="1895" count="0" type="stmt"/>
      <line num="1896" count="0" type="cond" truecount="0" falsecount="4"/>
      <line num="1897" count="0" type="stmt"/>
      <line num="1898" count="0" type="stmt"/>
      <line num="1899" count="0" type="cond" truecount="0" falsecount="2"/>
      <line num="1901" count="0" type="cond" truecount="0" falsecount="2"/>
      <line num="1902" count="0" type="stmt"/>
      <line num="1907" count="0" type="stmt"/>
      <line num="1908" count="0" type="stmt"/>
      <line num="1909" count="0" type="stmt"/>
      <line num="1910" count="0" type="stmt"/>
      <line num="1913" count="0" type="stmt"/>
      <line num="1914" count="0" type="stmt"/>
      <line num="1921" count="0" type="stmt"/>
      <line num="1922" count="0" type="cond" truecount="0" falsecount="2"/>
      <line num="1923" count="0" type="stmt"/>
      <line num="1924" count="0" type="cond" truecount="0" falsecount="2"/>
      <line num="1925" count="0" type="stmt"/>
      <line num="1926" count="0" type="stmt"/>
      <line num="1935" count="0" type="stmt"/>
      <line num="1939" count="0" type="stmt"/>
      <line num="1940" count="0" type="stmt"/>
      <line num="1957" count="0" type="stmt"/>
      <line num="1960" count="0" type="stmt"/>
      <line num="1976" count="0" type="stmt"/>
      <line num="1977" count="0" type="stmt"/>
      <line num="1985" count="0" type="stmt"/>
      <line num="1986" count="0" type="stmt"/>
      <line num="1995" count="0" type="stmt"/>
      <line num="1996" count="0" type="stmt"/>
      <line num="2004" count="0" type="stmt"/>
      <line num="2017" count="0" type="stmt"/>
      <line num="2033" count="0" type="stmt"/>
      <line num="2048" count="0" type="stmt"/>
      <line num="2060" count="0" type="stmt"/>
      <line num="2068" count="0" type="stmt"/>
      <line num="2072" count="0" type="stmt"/>
      <line num="2079" count="0" type="stmt"/>
      <line num="2084" count="0" type="cond" truecount="0" falsecount="2"/>
      <line num="2085" count="0" type="stmt"/>
      <line num="2092" count="0" type="stmt"/>
      <line num="2096" count="0" type="stmt"/>
      <line num="2097" count="0" type="stmt"/>
      <line num="2108" count="0" type="stmt"/>
      <line num="2109" count="0" type="stmt"/>
      <line num="2116" count="0" type="stmt"/>
      <line num="2122" count="0" type="stmt"/>
      <line num="2164" count="0" type="stmt"/>
      <line num="2168" count="0" type="stmt"/>
      <line num="2172" count="0" type="stmt"/>
      <line num="2205" count="0" type="stmt"/>
      <line num="2212" count="0" type="stmt"/>
      <line num="2216" count="0" type="stmt"/>
      <line num="2220" count="0" type="stmt"/>
      <line num="2227" count="0" type="stmt"/>
      <line num="2228" count="0" type="cond" truecount="0" falsecount="2"/>
      <line num="2229" count="0" type="stmt"/>
      <line num="2236" count="0" type="stmt"/>
      <line num="2240" count="0" type="stmt"/>
      <line num="2244" count="0" type="stmt"/>
      <line num="2245" count="0" type="stmt"/>
      <line num="2252" count="0" type="stmt"/>
      <line num="2259" count="0" type="stmt"/>
      <line num="2265" count="0" type="stmt"/>
      <line num="2269" count="0" type="stmt"/>
      <line num="2273" count="0" type="stmt"/>
      <line num="2277" count="0" type="stmt"/>
      <line num="2281" count="0" type="stmt"/>
      <line num="2282" count="0" type="stmt"/>
      <line num="2320" count="0" type="stmt"/>
      <line num="2321" count="0" type="stmt"/>
      <line num="2363" count="0" type="stmt"/>
      <line num="2416" count="0" type="stmt"/>
      <line num="2477" count="0" type="stmt"/>
      <line num="2484" count="0" type="stmt"/>
      <line num="2488" count="0" type="stmt"/>
      <line num="2492" count="0" type="stmt"/>
      <line num="2496" count="0" type="stmt"/>
      <line num="2502" count="0" type="stmt"/>
      <line num="2506" count="0" type="stmt"/>
      <line num="2510" count="0" type="stmt"/>
      <line num="2516" count="0" type="stmt"/>
      <line num="2520" count="0" type="stmt"/>
      <line num="2524" count="0" type="stmt"/>
      <line num="2528" count="0" type="stmt"/>
      <line num="2537" count="0" type="stmt"/>
      <line num="2547" count="0" type="stmt"/>
      <line num="2551" count="0" type="stmt"/>
      <line num="2555" count="0" type="stmt"/>
      <line num="2562" count="0" type="stmt"/>
      <line num="2563" count="0" type="cond" truecount="0" falsecount="2"/>
      <line num="2564" count="0" type="cond" truecount="0" falsecount="2"/>
      <line num="2565" count="0" type="cond" truecount="0" falsecount="2"/>
      <line num="2566" count="0" type="cond" truecount="0" falsecount="2"/>
      <line num="2567" count="0" type="stmt"/>
      <line num="2587" count="0" type="stmt"/>
      <line num="2588" count="0" type="cond" truecount="0" falsecount="2"/>
      <line num="2589" count="0" type="cond" truecount="0" falsecount="2"/>
      <line num="2590" count="0" type="cond" truecount="0" falsecount="2"/>
      <line num="2591" count="0" type="stmt"/>
      <line num="2646" count="0" type="stmt"/>
      <line num="2647" count="0" type="cond" truecount="0" falsecount="2"/>
      <line num="2648" count="0" type="stmt"/>
      <line num="2677" count="0" type="stmt"/>
      <line num="2728" count="0" type="stmt"/>
      <line num="2735" count="0" type="stmt"/>
      <line num="2773" count="0" type="cond" truecount="0" falsecount="2"/>
      <line num="2781" count="0" type="stmt"/>
      <line num="2789" count="0" type="stmt"/>
      <line num="2815" count="0" type="stmt"/>
      <line num="2871" count="0" type="stmt"/>
      <line num="2879" count="0" type="stmt"/>
      <line num="2887" count="0" type="stmt"/>
      <line num="2891" count="2" type="stmt"/>
      <line num="2892" count="2" type="stmt"/>
      <line num="2893" count="2" type="stmt"/>
      <line num="2894" count="2" type="stmt"/>
      <line num="2895" count="2" type="stmt"/>
      <line num="2901" count="6" type="stmt"/>
      <line num="2907" count="7" type="stmt"/>
      <line num="2908" count="7" type="cond" truecount="2" falsecount="0"/>
      <line num="2909" count="5" type="cond" truecount="2" falsecount="0"/>
      <line num="2911" count="2" type="stmt"/>
      <line num="2946" count="0" type="stmt"/>
      <line num="2953" count="0" type="stmt"/>
      <line num="2965" count="0" type="stmt"/>
      <line num="2969" count="16" type="stmt"/>
      <line num="2970" count="16" type="stmt"/>
      <line num="2979" count="0" type="stmt"/>
      <line num="2980" count="0" type="cond" truecount="0" falsecount="2"/>
      <line num="2981" count="0" type="stmt"/>
    </file>
  </project>
</coverage>
