{"C:\\Dev\\AGRAFES\\tauri-prep\\src\\lib\\sidecarClient.ts": {"path":"C:\\Dev\\AGRAFES\\tauri-prep\\src\\lib\\sidecarClient.ts","statementMap":{"0":{"start":{"line":21,"column":30},"end":{"line":23,"column":null}},"1":{"start":{"line":26,"column":2},"end":{"line":26,"column":null}},"2":{"start":{"line":89,"column":15},"end":{"line":89,"column":null}},"3":{"start":{"line":90,"column":17},"end":{"line":90,"column":null}},"4":{"start":{"line":104,"column":2},"end":{"line":104,"column":null}},"5":{"start":{"line":104,"column":36},"end":{"line":104,"column":null}},"6":{"start":{"line":105,"column":15},"end":{"line":105,"column":null}},"7":{"start":{"line":106,"column":13},"end":{"line":106,"column":null}},"8":{"start":{"line":108,"column":2},"end":{"line":108,"column":null}},"9":{"start":{"line":109,"column":2},"end":{"line":117,"column":null}},"10":{"start":{"line":111,"column":4},"end":{"line":111,"column":null}},"11":{"start":{"line":112,"column":10},"end":{"line":112,"column":null}},"12":{"start":{"line":113,"column":19},"end":{"line":113,"column":null}},"13":{"start":{"line":114,"column":20},"end":{"line":114,"column":null}},"14":{"start":{"line":115,"column":4},"end":{"line":115,"column":null}},"15":{"start":{"line":116,"column":4},"end":{"line":116,"column":null}},"16":{"start":{"line":118,"column":2},"end":{"line":118,"column":null}},"17":{"start":{"line":119,"column":2},"end":{"line":119,"column":null}},"18":{"start":{"line":123,"column":2},"end":{"line":123,"column":null}},"19":{"start":{"line":127,"column":49},"end":{"line":134,"column":null}},"20":{"start":{"line":135,"column":13},"end":{"line":135,"column":17}},"21":{"start":{"line":135,"column":25},"end":{"line":135,"column":null}},"22":{"start":{"line":136,"column":2},"end":{"line":139,"column":null}},"23":{"start":{"line":137,"column":17},"end":{"line":137,"column":null}},"24":{"start":{"line":138,"column":4},"end":{"line":138,"column":null}},"25":{"start":{"line":138,"column":16},"end":{"line":138,"column":33}},"26":{"start":{"line":138,"column":33},"end":{"line":138,"column":58}},"27":{"start":{"line":140,"column":2},"end":{"line":140,"column":null}},"28":{"start":{"line":298,"column":2},"end":{"line":298,"column":null}},"29":{"start":{"line":319,"column":2},"end":{"line":319,"column":null}},"30":{"start":{"line":342,"column":2},"end":{"line":342,"column":null}},"31":{"start":{"line":375,"column":2},"end":{"line":375,"column":null}},"32":{"start":{"line":409,"column":2},"end":{"line":409,"column":null}},"33":{"start":{"line":429,"column":2},"end":{"line":429,"column":null}},"34":{"start":{"line":457,"column":2},"end":{"line":457,"column":null}},"35":{"start":{"line":472,"column":2},"end":{"line":472,"column":null}},"36":{"start":{"line":482,"column":2},"end":{"line":482,"column":null}},"37":{"start":{"line":501,"column":2},"end":{"line":501,"column":null}},"38":{"start":{"line":517,"column":2},"end":{"line":517,"column":null}},"39":{"start":{"line":1016,"column":25},"end":{"line":1016,"column":null}},"40":{"start":{"line":1017,"column":33},"end":{"line":1017,"column":null}},"41":{"start":{"line":1018,"column":34},"end":{"line":1018,"column":null}},"42":{"start":{"line":1019,"column":24},"end":{"line":1019,"column":null}},"43":{"start":{"line":1020,"column":41},"end":{"line":1020,"column":null}},"44":{"start":{"line":1021,"column":44},"end":{"line":1021,"column":null}},"45":{"start":{"line":1023,"column":2},"end":{"line":1023,"column":null}},"46":{"start":{"line":1024,"column":34},"end":{"line":1024,"column":null}},"47":{"start":{"line":1025,"column":40},"end":{"line":1025,"column":null}},"48":{"start":{"line":1026,"column":40},"end":{"line":1026,"column":null}},"49":{"start":{"line":1027,"column":40},"end":{"line":1027,"column":null}},"50":{"start":{"line":1032,"column":68},"end":{"line":1032,"column":null}},"51":{"start":{"line":1033,"column":40},"end":{"line":1033,"column":null}},"52":{"start":{"line":1041,"column":17},"end":{"line":1041,"column":null}},"53":{"start":{"line":1043,"column":4},"end":{"line":1045,"column":null}},"54":{"start":{"line":1044,"column":23},"end":{"line":1044,"column":95}},"55":{"start":{"line":1044,"column":29},"end":{"line":1044,"column":60}},"56":{"start":{"line":1044,"column":70},"end":{"line":1044,"column":93}},"57":{"start":{"line":1046,"column":2},"end":{"line":1055,"column":null}},"58":{"start":{"line":1047,"column":4},"end":{"line":1048,"column":null}},"59":{"start":{"line":1047,"column":30},"end":{"line":1047,"column":null}},"60":{"start":{"line":1048,"column":9},"end":{"line":1048,"column":null}},"61":{"start":{"line":1049,"column":9},"end":{"line":1055,"column":null}},"62":{"start":{"line":1050,"column":4},"end":{"line":1051,"column":null}},"63":{"start":{"line":1050,"column":30},"end":{"line":1050,"column":null}},"64":{"start":{"line":1051,"column":9},"end":{"line":1051,"column":null}},"65":{"start":{"line":1053,"column":4},"end":{"line":1054,"column":null}},"66":{"start":{"line":1053,"column":30},"end":{"line":1053,"column":null}},"67":{"start":{"line":1054,"column":9},"end":{"line":1054,"column":null}},"68":{"start":{"line":1057,"column":2},"end":{"line":1059,"column":null}},"69":{"start":{"line":1065,"column":2},"end":{"line":1065,"column":null}},"70":{"start":{"line":1065,"column":16},"end":{"line":1065,"column":null}},"71":{"start":{"line":1066,"column":2},"end":{"line":1072,"column":null}},"72":{"start":{"line":1067,"column":40},"end":{"line":1067,"column":null}},"73":{"start":{"line":1068,"column":4},"end":{"line":1070,"column":null}},"74":{"start":{"line":1069,"column":6},"end":{"line":1069,"column":null}},"75":{"start":{"line":1071,"column":4},"end":{"line":1071,"column":null}},"76":{"start":{"line":1073,"column":2},"end":{"line":1079,"column":null}},"77":{"start":{"line":1074,"column":40},"end":{"line":1074,"column":null}},"78":{"start":{"line":1075,"column":4},"end":{"line":1077,"column":null}},"79":{"start":{"line":1076,"column":6},"end":{"line":1076,"column":null}},"80":{"start":{"line":1078,"column":4},"end":{"line":1078,"column":null}},"81":{"start":{"line":1080,"column":2},"end":{"line":1080,"column":null}},"82":{"start":{"line":1084,"column":2},"end":{"line":1084,"column":null}},"83":{"start":{"line":1084,"column":28},"end":{"line":1084,"column":null}},"84":{"start":{"line":1085,"column":2},"end":{"line":1089,"column":null}},"85":{"start":{"line":1086,"column":4},"end":{"line":1086,"column":null}},"86":{"start":{"line":1088,"column":4},"end":{"line":1088,"column":null}},"87":{"start":{"line":1095,"column":8},"end":{"line":1095,"column":null}},"88":{"start":{"line":1096,"column":2},"end":{"line":1096,"column":null}},"89":{"start":{"line":1096,"column":12},"end":{"line":1096,"column":null}},"90":{"start":{"line":1098,"column":22},"end":{"line":1098,"column":null}},"91":{"start":{"line":1099,"column":18},"end":{"line":1099,"column":null}},"92":{"start":{"line":1100,"column":2},"end":{"line":1102,"column":null}},"93":{"start":{"line":1101,"column":4},"end":{"line":1101,"column":null}},"94":{"start":{"line":1103,"column":2},"end":{"line":1103,"column":null}},"95":{"start":{"line":1107,"column":2},"end":{"line":1107,"column":null}},"96":{"start":{"line":1111,"column":2},"end":{"line":1117,"column":null}},"97":{"start":{"line":1112,"column":19},"end":{"line":1112,"column":null}},"98":{"start":{"line":1113,"column":17},"end":{"line":1113,"column":null}},"99":{"start":{"line":1114,"column":4},"end":{"line":1114,"column":null}},"100":{"start":{"line":1116,"column":4},"end":{"line":1116,"column":null}},"101":{"start":{"line":1121,"column":8},"end":{"line":1121,"column":null}},"102":{"start":{"line":1122,"column":19},"end":{"line":1122,"column":null}},"103":{"start":{"line":1123,"column":15},"end":{"line":1123,"column":null}},"104":{"start":{"line":1125,"column":2},"end":{"line":1195,"column":null}},"105":{"start":{"line":1126,"column":4},"end":{"line":1173,"column":null}},"106":{"start":{"line":1127,"column":6},"end":{"line":1132,"column":null}},"107":{"start":{"line":1133,"column":64},"end":{"line":1133,"column":null}},"108":{"start":{"line":1134,"column":52},"end":{"line":1134,"column":null}},"109":{"start":{"line":1135,"column":23},"end":{"line":1135,"column":null}},"110":{"start":{"line":1136,"column":6},"end":{"line":1167,"column":null}},"111":{"start":{"line":1137,"column":8},"end":{"line":1143,"column":null}},"112":{"start":{"line":1138,"column":10},"end":{"line":1138,"column":null}},"113":{"start":{"line":1139,"column":10},"end":{"line":1142,"column":null}},"114":{"start":{"line":1140,"column":12},"end":{"line":1140,"column":null}},"115":{"start":{"line":1141,"column":12},"end":{"line":1141,"column":null}},"116":{"start":{"line":1144,"column":25},"end":{"line":1147,"column":null}},"117":{"start":{"line":1148,"column":8},"end":{"line":1154,"column":null}},"118":{"start":{"line":1155,"column":8},"end":{"line":1155,"column":null}},"119":{"start":{"line":1157,"column":8},"end":{"line":1163,"column":null}},"120":{"start":{"line":1164,"column":8},"end":{"line":1164,"column":null}},"121":{"start":{"line":1164,"column":41},"end":{"line":1164,"column":null}},"122":{"start":{"line":1166,"column":8},"end":{"line":1166,"column":null}},"123":{"start":{"line":1166,"column":27},"end":{"line":1166,"column":null}},"124":{"start":{"line":1169,"column":6},"end":{"line":1169,"column":null}},"125":{"start":{"line":1170,"column":6},"end":{"line":1172,"column":null}},"126":{"start":{"line":1171,"column":8},"end":{"line":1171,"column":null}},"127":{"start":{"line":1175,"column":4},"end":{"line":1175,"column":null}},"128":{"start":{"line":1176,"column":4},"end":{"line":1194,"column":null}},"129":{"start":{"line":1177,"column":23},"end":{"line":1177,"column":null}},"130":{"start":{"line":1178,"column":6},"end":{"line":1184,"column":null}},"131":{"start":{"line":1185,"column":6},"end":{"line":1185,"column":null}},"132":{"start":{"line":1187,"column":6},"end":{"line":1192,"column":null}},"133":{"start":{"line":1193,"column":6},"end":{"line":1193,"column":null}},"134":{"start":{"line":1198,"column":2},"end":{"line":1228,"column":null}},"135":{"start":{"line":1199,"column":4},"end":{"line":1202,"column":null}},"136":{"start":{"line":1203,"column":4},"end":{"line":1227,"column":null}},"137":{"start":{"line":1204,"column":21},"end":{"line":1212,"column":null}},"138":{"start":{"line":1213,"column":6},"end":{"line":1218,"column":null}},"139":{"start":{"line":1219,"column":6},"end":{"line":1219,"column":null}},"140":{"start":{"line":1221,"column":6},"end":{"line":1225,"column":null}},"141":{"start":{"line":1226,"column":6},"end":{"line":1226,"column":null}},"142":{"start":{"line":1231,"column":2},"end":{"line":1231,"column":null}},"143":{"start":{"line":1232,"column":2},"end":{"line":1250,"column":null}},"144":{"start":{"line":1233,"column":21},"end":{"line":1233,"column":null}},"145":{"start":{"line":1234,"column":4},"end":{"line":1240,"column":null}},"146":{"start":{"line":1241,"column":4},"end":{"line":1241,"column":null}},"147":{"start":{"line":1243,"column":4},"end":{"line":1248,"column":null}},"148":{"start":{"line":1249,"column":4},"end":{"line":1249,"column":null}},"149":{"start":{"line":1256,"column":2},"end":{"line":1261,"column":null}},"150":{"start":{"line":1257,"column":15},"end":{"line":1257,"column":null}},"151":{"start":{"line":1258,"column":20},"end":{"line":1258,"column":null}},"152":{"start":{"line":1259,"column":19},"end":{"line":1259,"column":null}},"153":{"start":{"line":1260,"column":4},"end":{"line":1260,"column":null}},"154":{"start":{"line":1262,"column":2},"end":{"line":1262,"column":null}},"155":{"start":{"line":1266,"column":2},"end":{"line":1270,"column":null}},"156":{"start":{"line":1267,"column":4},"end":{"line":1267,"column":null}},"157":{"start":{"line":1269,"column":4},"end":{"line":1269,"column":null}},"158":{"start":{"line":1274,"column":2},"end":{"line":1276,"column":null}},"159":{"start":{"line":1275,"column":4},"end":{"line":1275,"column":null}},"160":{"start":{"line":1277,"column":2},"end":{"line":1280,"column":null}},"161":{"start":{"line":1278,"column":14},"end":{"line":1278,"column":null}},"162":{"start":{"line":1279,"column":4},"end":{"line":1279,"column":null}},"163":{"start":{"line":1279,"column":37},"end":{"line":1279,"column":null}},"164":{"start":{"line":1281,"column":2},"end":{"line":1281,"column":null}},"165":{"start":{"line":1285,"column":2},"end":{"line":1285,"column":null}},"166":{"start":{"line":1285,"column":33},"end":{"line":1285,"column":null}},"167":{"start":{"line":1286,"column":18},"end":{"line":1286,"column":null}},"168":{"start":{"line":1287,"column":2},"end":{"line":1287,"column":null}},"169":{"start":{"line":1291,"column":14},"end":{"line":1291,"column":null}},"170":{"start":{"line":1292,"column":14},"end":{"line":1294,"column":null}},"171":{"start":{"line":1295,"column":2},"end":{"line":1295,"column":null}},"172":{"start":{"line":1299,"column":2},"end":{"line":1306,"column":null}},"173":{"start":{"line":1302,"column":16},"end":{"line":1302,"column":null}},"174":{"start":{"line":1303,"column":4},"end":{"line":1303,"column":null}},"175":{"start":{"line":1305,"column":4},"end":{"line":1305,"column":null}},"176":{"start":{"line":1317,"column":16},"end":{"line":1317,"column":null}},"177":{"start":{"line":1318,"column":25},"end":{"line":1318,"column":null}},"178":{"start":{"line":1319,"column":21},"end":{"line":1319,"column":null}},"179":{"start":{"line":1320,"column":30},"end":{"line":1320,"column":null}},"180":{"start":{"line":1321,"column":20},"end":{"line":1321,"column":null}},"181":{"start":{"line":1322,"column":24},"end":{"line":1322,"column":null}},"182":{"start":{"line":1324,"column":2},"end":{"line":1334,"column":null}},"183":{"start":{"line":1336,"column":2},"end":{"line":1342,"column":null}},"184":{"start":{"line":1337,"column":4},"end":{"line":1340,"column":null}},"185":{"start":{"line":1341,"column":4},"end":{"line":1341,"column":null}},"186":{"start":{"line":1344,"column":19},"end":{"line":1344,"column":null}},"187":{"start":{"line":1345,"column":17},"end":{"line":1345,"column":null}},"188":{"start":{"line":1346,"column":18},"end":{"line":1346,"column":null}},"189":{"start":{"line":1348,"column":2},"end":{"line":1434,"column":null}},"190":{"start":{"line":1349,"column":4},"end":{"line":1349,"column":null}},"191":{"start":{"line":1350,"column":27},"end":{"line":1350,"column":null}},"192":{"start":{"line":1351,"column":4},"end":{"line":1357,"column":null}},"193":{"start":{"line":1358,"column":4},"end":{"line":1429,"column":null}},"194":{"start":{"line":1359,"column":27},"end":{"line":1359,"column":null}},"195":{"start":{"line":1360,"column":29},"end":{"line":1362,"column":null}},"196":{"start":{"line":1361,"column":8},"end":{"line":1361,"column":null}},"197":{"start":{"line":1363,"column":18},"end":{"line":1363,"column":null}},"198":{"start":{"line":1364,"column":24},"end":{"line":1364,"column":null}},"199":{"start":{"line":1365,"column":29},"end":{"line":1365,"column":null}},"200":{"start":{"line":1367,"column":49},"end":{"line":1367,"column":null}},"201":{"start":{"line":1368,"column":6},"end":{"line":1380,"column":null}},"202":{"start":{"line":1369,"column":8},"end":{"line":1369,"column":null}},"203":{"start":{"line":1371,"column":8},"end":{"line":1371,"column":null}},"204":{"start":{"line":1372,"column":8},"end":{"line":1379,"column":null}},"205":{"start":{"line":1382,"column":6},"end":{"line":1416,"column":null}},"206":{"start":{"line":1383,"column":8},"end":{"line":1394,"column":null}},"207":{"start":{"line":1384,"column":10},"end":{"line":1392,"column":null}},"208":{"start":{"line":1393,"column":10},"end":{"line":1393,"column":null}},"209":{"start":{"line":1395,"column":8},"end":{"line":1395,"column":null}},"210":{"start":{"line":1396,"column":8},"end":{"line":1404,"column":null}},"211":{"start":{"line":1406,"column":8},"end":{"line":1406,"column":null}},"212":{"start":{"line":1407,"column":8},"end":{"line":1415,"column":null}},"213":{"start":{"line":1418,"column":24},"end":{"line":1418,"column":null}},"214":{"start":{"line":1419,"column":29},"end":{"line":1419,"column":null}},"215":{"start":{"line":1420,"column":6},"end":{"line":1420,"column":null}},"216":{"start":{"line":1421,"column":6},"end":{"line":1428,"column":null}},"217":{"start":{"line":1431,"column":22},"end":{"line":1431,"column":null}},"218":{"start":{"line":1432,"column":4},"end":{"line":1432,"column":null}},"219":{"start":{"line":1432,"column":24},"end":{"line":1432,"column":null}},"220":{"start":{"line":1433,"column":4},"end":{"line":1433,"column":null}},"221":{"start":{"line":1436,"column":2},"end":{"line":1439,"column":null}},"222":{"start":{"line":1440,"column":2},"end":{"line":1440,"column":null}},"223":{"start":{"line":1444,"column":2},"end":{"line":1444,"column":null}},"224":{"start":{"line":1444,"column":28},"end":{"line":1444,"column":45}},"225":{"start":{"line":1448,"column":42},"end":{"line":1450,"column":null}},"226":{"start":{"line":1451,"column":2},"end":{"line":1451,"column":null}},"227":{"start":{"line":1451,"column":13},"end":{"line":1451,"column":null}},"228":{"start":{"line":1452,"column":14},"end":{"line":1456,"column":null}},"229":{"start":{"line":1457,"column":16},"end":{"line":1457,"column":null}},"230":{"start":{"line":1458,"column":2},"end":{"line":1465,"column":null}},"231":{"start":{"line":1460,"column":7},"end":{"line":1462,"column":null}},"232":{"start":{"line":1463,"column":16},"end":{"line":1463,"column":null}},"233":{"start":{"line":1464,"column":4},"end":{"line":1464,"column":null}},"234":{"start":{"line":1466,"column":2},"end":{"line":1466,"column":null}},"235":{"start":{"line":1470,"column":42},"end":{"line":1472,"column":null}},"236":{"start":{"line":1473,"column":2},"end":{"line":1473,"column":null}},"237":{"start":{"line":1473,"column":13},"end":{"line":1473,"column":null}},"238":{"start":{"line":1474,"column":14},"end":{"line":1478,"column":null}},"239":{"start":{"line":1479,"column":16},"end":{"line":1479,"column":null}},"240":{"start":{"line":1480,"column":2},"end":{"line":1487,"column":null}},"241":{"start":{"line":1482,"column":7},"end":{"line":1484,"column":null}},"242":{"start":{"line":1485,"column":16},"end":{"line":1485,"column":null}},"243":{"start":{"line":1486,"column":4},"end":{"line":1486,"column":null}},"244":{"start":{"line":1488,"column":2},"end":{"line":1488,"column":null}},"245":{"start":{"line":1492,"column":42},"end":{"line":1492,"column":null}},"246":{"start":{"line":1493,"column":2},"end":{"line":1493,"column":null}},"247":{"start":{"line":1493,"column":13},"end":{"line":1493,"column":null}},"248":{"start":{"line":1494,"column":14},"end":{"line":1494,"column":null}},"249":{"start":{"line":1495,"column":16},"end":{"line":1495,"column":null}},"250":{"start":{"line":1496,"column":2},"end":{"line":1499,"column":null}},"251":{"start":{"line":1497,"column":17},"end":{"line":1497,"column":null}},"252":{"start":{"line":1498,"column":4},"end":{"line":1498,"column":null}},"253":{"start":{"line":1500,"column":2},"end":{"line":1500,"column":null}},"254":{"start":{"line":1504,"column":2},"end":{"line":1560,"column":null}},"255":{"start":{"line":1508,"column":6},"end":{"line":1524,"column":null}},"256":{"start":{"line":1509,"column":8},"end":{"line":1509,"column":null}},"257":{"start":{"line":1513,"column":8},"end":{"line":1522,"column":null}},"258":{"start":{"line":1514,"column":10},"end":{"line":1514,"column":null}},"259":{"start":{"line":1515,"column":10},"end":{"line":1515,"column":null}},"260":{"start":{"line":1516,"column":10},"end":{"line":1521,"column":null}},"261":{"start":{"line":1517,"column":26},"end":{"line":1517,"column":null}},"262":{"start":{"line":1518,"column":12},"end":{"line":1518,"column":null}},"263":{"start":{"line":1520,"column":12},"end":{"line":1520,"column":null}},"264":{"start":{"line":1523,"column":8},"end":{"line":1523,"column":null}},"265":{"start":{"line":1527,"column":6},"end":{"line":1541,"column":null}},"266":{"start":{"line":1528,"column":8},"end":{"line":1528,"column":null}},"267":{"start":{"line":1530,"column":8},"end":{"line":1539,"column":null}},"268":{"start":{"line":1531,"column":10},"end":{"line":1531,"column":null}},"269":{"start":{"line":1532,"column":10},"end":{"line":1532,"column":null}},"270":{"start":{"line":1533,"column":10},"end":{"line":1538,"column":null}},"271":{"start":{"line":1534,"column":26},"end":{"line":1534,"column":null}},"272":{"start":{"line":1535,"column":12},"end":{"line":1535,"column":null}},"273":{"start":{"line":1537,"column":12},"end":{"line":1537,"column":null}},"274":{"start":{"line":1540,"column":8},"end":{"line":1540,"column":null}},"275":{"start":{"line":1544,"column":6},"end":{"line":1558,"column":null}},"276":{"start":{"line":1545,"column":8},"end":{"line":1545,"column":null}},"277":{"start":{"line":1547,"column":8},"end":{"line":1556,"column":null}},"278":{"start":{"line":1548,"column":10},"end":{"line":1548,"column":null}},"279":{"start":{"line":1549,"column":10},"end":{"line":1549,"column":null}},"280":{"start":{"line":1550,"column":10},"end":{"line":1555,"column":null}},"281":{"start":{"line":1551,"column":26},"end":{"line":1551,"column":null}},"282":{"start":{"line":1552,"column":12},"end":{"line":1552,"column":null}},"283":{"start":{"line":1554,"column":12},"end":{"line":1554,"column":null}},"284":{"start":{"line":1557,"column":8},"end":{"line":1557,"column":null}},"285":{"start":{"line":1567,"column":4},"end":{"line":1567,"column":null}},"286":{"start":{"line":1566,"column":47},"end":{"line":1566,"column":68}},"287":{"start":{"line":1568,"column":4},"end":{"line":1568,"column":null}},"288":{"start":{"line":1575,"column":2},"end":{"line":1575,"column":null}},"289":{"start":{"line":1578,"column":2},"end":{"line":1602,"column":null}},"290":{"start":{"line":1579,"column":4},"end":{"line":1597,"column":null}},"291":{"start":{"line":1580,"column":6},"end":{"line":1580,"column":null}},"292":{"start":{"line":1582,"column":6},"end":{"line":1590,"column":null}},"293":{"start":{"line":1583,"column":23},"end":{"line":1583,"column":null}},"294":{"start":{"line":1584,"column":27},"end":{"line":1584,"column":null}},"295":{"start":{"line":1585,"column":8},"end":{"line":1589,"column":null}},"296":{"start":{"line":1586,"column":10},"end":{"line":1586,"column":null}},"297":{"start":{"line":1587,"column":10},"end":{"line":1587,"column":null}},"298":{"start":{"line":1588,"column":10},"end":{"line":1588,"column":null}},"299":{"start":{"line":1591,"column":6},"end":{"line":1591,"column":null}},"300":{"start":{"line":1592,"column":6},"end":{"line":1592,"column":null}},"301":{"start":{"line":1594,"column":6},"end":{"line":1594,"column":null}},"302":{"start":{"line":1595,"column":6},"end":{"line":1595,"column":null}},"303":{"start":{"line":1596,"column":6},"end":{"line":1596,"column":null}},"304":{"start":{"line":1598,"column":9},"end":{"line":1602,"column":null}},"305":{"start":{"line":1599,"column":4},"end":{"line":1599,"column":null}},"306":{"start":{"line":1600,"column":4},"end":{"line":1600,"column":null}},"307":{"start":{"line":1601,"column":4},"end":{"line":1601,"column":null}},"308":{"start":{"line":1605,"column":13},"end":{"line":1605,"column":null}},"309":{"start":{"line":1606,"column":2},"end":{"line":1606,"column":null}},"310":{"start":{"line":1607,"column":17},"end":{"line":1607,"column":null}},"311":{"start":{"line":1608,"column":2},"end":{"line":1664,"column":null}},"312":{"start":{"line":1613,"column":21},"end":{"line":1613,"column":null}},"313":{"start":{"line":1614,"column":4},"end":{"line":1663,"column":null}},"314":{"start":{"line":1615,"column":6},"end":{"line":1615,"column":null}},"315":{"start":{"line":1617,"column":25},"end":{"line":1617,"column":null}},"316":{"start":{"line":1618,"column":24},"end":{"line":1618,"column":null}},"317":{"start":{"line":1619,"column":25},"end":{"line":1619,"column":null}},"318":{"start":{"line":1620,"column":6},"end":{"line":1629,"column":null}},"319":{"start":{"line":1621,"column":25},"end":{"line":1621,"column":null}},"320":{"start":{"line":1622,"column":8},"end":{"line":1628,"column":null}},"321":{"start":{"line":1623,"column":28},"end":{"line":1623,"column":null}},"322":{"start":{"line":1624,"column":10},"end":{"line":1624,"column":null}},"323":{"start":{"line":1625,"column":10},"end":{"line":1625,"column":null}},"324":{"start":{"line":1632,"column":20},"end":{"line":1632,"column":null}},"325":{"start":{"line":1633,"column":19},"end":{"line":1633,"column":null}},"326":{"start":{"line":1634,"column":20},"end":{"line":1634,"column":null}},"327":{"start":{"line":1635,"column":6},"end":{"line":1662,"column":null}},"328":{"start":{"line":1636,"column":24},"end":{"line":1636,"column":null}},"329":{"start":{"line":1637,"column":8},"end":{"line":1661,"column":null}},"330":{"start":{"line":1638,"column":22},"end":{"line":1638,"column":null}},"331":{"start":{"line":1639,"column":24},"end":{"line":1639,"column":null}},"332":{"start":{"line":1640,"column":10},"end":{"line":1656,"column":null}},"333":{"start":{"line":1641,"column":12},"end":{"line":1655,"column":null}},"334":{"start":{"line":1642,"column":14},"end":{"line":1644,"column":null}},"335":{"start":{"line":1647,"column":14},"end":{"line":1650,"column":null}},"336":{"start":{"line":1651,"column":14},"end":{"line":1651,"column":null}},"337":{"start":{"line":1652,"column":14},"end":{"line":1652,"column":null}},"338":{"start":{"line":1653,"column":14},"end":{"line":1653,"column":null}},"339":{"start":{"line":1654,"column":14},"end":{"line":1654,"column":null}},"340":{"start":{"line":1657,"column":10},"end":{"line":1657,"column":null}},"341":{"start":{"line":1659,"column":10},"end":{"line":1659,"column":null}},"342":{"start":{"line":1667,"column":2},"end":{"line":1667,"column":null}},"343":{"start":{"line":1668,"column":2},"end":{"line":1668,"column":null}},"344":{"start":{"line":1672,"column":2},"end":{"line":1679,"column":null}},"345":{"start":{"line":1673,"column":4},"end":{"line":1677,"column":null}},"346":{"start":{"line":1674,"column":6},"end":{"line":1674,"column":null}},"347":{"start":{"line":1678,"column":4},"end":{"line":1678,"column":null}},"348":{"start":{"line":1681,"column":22},"end":{"line":1691,"column":null}},"349":{"start":{"line":1693,"column":30},"end":{"line":1693,"column":null}},"350":{"start":{"line":1694,"column":2},"end":{"line":1702,"column":null}},"351":{"start":{"line":1695,"column":27},"end":{"line":1695,"column":null}},"352":{"start":{"line":1695,"column":73},"end":{"line":1695,"column":78}},"353":{"start":{"line":1696,"column":4},"end":{"line":1699,"column":null}},"354":{"start":{"line":1701,"column":4},"end":{"line":1701,"column":null}},"355":{"start":{"line":1704,"column":18},"end":{"line":1704,"column":null}},"356":{"start":{"line":1705,"column":23},"end":{"line":1705,"column":null}},"357":{"start":{"line":1710,"column":29},"end":{"line":1710,"column":null}},"358":{"start":{"line":1711,"column":2},"end":{"line":1717,"column":null}},"359":{"start":{"line":1719,"column":20},"end":{"line":1719,"column":null}},"360":{"start":{"line":1720,"column":2},"end":{"line":1725,"column":null}},"361":{"start":{"line":1721,"column":10},"end":{"line":1723,"column":null}},"362":{"start":{"line":1724,"column":4},"end":{"line":1724,"column":null}},"363":{"start":{"line":1724,"column":20},"end":{"line":1724,"column":null}},"364":{"start":{"line":1727,"column":27},"end":{"line":1727,"column":null}},"365":{"start":{"line":1730,"column":25},"end":{"line":1730,"column":null}},"366":{"start":{"line":1731,"column":2},"end":{"line":1736,"column":null}},"367":{"start":{"line":1732,"column":4},"end":{"line":1732,"column":null}},"368":{"start":{"line":1734,"column":4},"end":{"line":1734,"column":null}},"369":{"start":{"line":1735,"column":4},"end":{"line":1735,"column":null}},"370":{"start":{"line":1737,"column":2},"end":{"line":1737,"column":null}},"371":{"start":{"line":1738,"column":2},"end":{"line":1745,"column":null}},"372":{"start":{"line":1739,"column":4},"end":{"line":1744,"column":null}},"373":{"start":{"line":1746,"column":2},"end":{"line":1746,"column":null}},"374":{"start":{"line":1748,"column":18},"end":{"line":1748,"column":null}},"375":{"start":{"line":1749,"column":2},"end":{"line":1749,"column":null}},"376":{"start":{"line":1751,"column":16},"end":{"line":1751,"column":null}},"377":{"start":{"line":1752,"column":15},"end":{"line":1752,"column":null}},"378":{"start":{"line":1753,"column":2},"end":{"line":1756,"column":null}},"379":{"start":{"line":1754,"column":4},"end":{"line":1754,"column":null}},"380":{"start":{"line":1755,"column":4},"end":{"line":1755,"column":null}},"381":{"start":{"line":1758,"column":18},"end":{"line":1758,"column":null}},"382":{"start":{"line":1759,"column":2},"end":{"line":1763,"column":null}},"383":{"start":{"line":1765,"column":18},"end":{"line":1769,"column":null}},"384":{"start":{"line":1770,"column":2},"end":{"line":1774,"column":null}},"385":{"start":{"line":1771,"column":4},"end":{"line":1773,"column":null}},"386":{"start":{"line":1776,"column":23},"end":{"line":1776,"column":null}},"387":{"start":{"line":1778,"column":14},"end":{"line":1780,"column":null}},"388":{"start":{"line":1781,"column":15},"end":{"line":1781,"column":null}},"389":{"start":{"line":1782,"column":22},"end":{"line":1782,"column":null}},"390":{"start":{"line":1783,"column":2},"end":{"line":1790,"column":null}},"391":{"start":{"line":1784,"column":4},"end":{"line":1789,"column":null}},"392":{"start":{"line":1784,"column":17},"end":{"line":1784,"column":20}},"393":{"start":{"line":1785,"column":6},"end":{"line":1785,"column":null}},"394":{"start":{"line":1786,"column":6},"end":{"line":1786,"column":null}},"395":{"start":{"line":1787,"column":6},"end":{"line":1787,"column":null}},"396":{"start":{"line":1788,"column":6},"end":{"line":1788,"column":null}},"397":{"start":{"line":1788,"column":34},"end":{"line":1788,"column":null}},"398":{"start":{"line":1791,"column":16},"end":{"line":1791,"column":null}},"399":{"start":{"line":1794,"column":4},"end":{"line":1796,"column":null}},"400":{"start":{"line":1797,"column":2},"end":{"line":1803,"column":null}},"401":{"start":{"line":1798,"column":4},"end":{"line":1802,"column":null}},"402":{"start":{"line":1804,"column":2},"end":{"line":1807,"column":null}},"403":{"start":{"line":1809,"column":2},"end":{"line":1809,"column":null}},"404":{"start":{"line":1810,"column":2},"end":{"line":1810,"column":null}},"405":{"start":{"line":1811,"column":2},"end":{"line":1811,"column":null}},"406":{"start":{"line":1812,"column":2},"end":{"line":1812,"column":null}},"407":{"start":{"line":1820,"column":2},"end":{"line":1929,"column":null}},"408":{"start":{"line":1821,"column":22},"end":{"line":1821,"column":null}},"409":{"start":{"line":1822,"column":20},"end":{"line":1822,"column":null}},"410":{"start":{"line":1823,"column":22},"end":{"line":1823,"column":null}},"411":{"start":{"line":1824,"column":16},"end":{"line":1824,"column":null}},"412":{"start":{"line":1825,"column":25},"end":{"line":1825,"column":null}},"413":{"start":{"line":1826,"column":56},"end":{"line":1826,"column":null}},"414":{"start":{"line":1827,"column":19},"end":{"line":1827,"column":null}},"415":{"start":{"line":1828,"column":28},"end":{"line":1828,"column":null}},"416":{"start":{"line":1829,"column":29},"end":{"line":1829,"column":null}},"417":{"start":{"line":1830,"column":4},"end":{"line":1834,"column":null}},"418":{"start":{"line":1836,"column":10},"end":{"line":1860,"column":null}},"419":{"start":{"line":1837,"column":6},"end":{"line":1837,"column":null}},"420":{"start":{"line":1837,"column":20},"end":{"line":1837,"column":null}},"421":{"start":{"line":1838,"column":6},"end":{"line":1859,"column":null}},"422":{"start":{"line":1839,"column":26},"end":{"line":1839,"column":null}},"423":{"start":{"line":1840,"column":8},"end":{"line":1840,"column":null}},"424":{"start":{"line":1841,"column":8},"end":{"line":1841,"column":null}},"425":{"start":{"line":1842,"column":8},"end":{"line":1842,"column":null}},"426":{"start":{"line":1844,"column":21},"end":{"line":1844,"column":null}},"427":{"start":{"line":1845,"column":8},"end":{"line":1848,"column":null}},"428":{"start":{"line":1846,"column":10},"end":{"line":1846,"column":null}},"429":{"start":{"line":1847,"column":10},"end":{"line":1847,"column":null}},"430":{"start":{"line":1850,"column":8},"end":{"line":1850,"column":null}},"431":{"start":{"line":1851,"column":8},"end":{"line":1851,"column":null}},"432":{"start":{"line":1852,"column":8},"end":{"line":1852,"column":null}},"433":{"start":{"line":1853,"column":8},"end":{"line":1853,"column":null}},"434":{"start":{"line":1855,"column":8},"end":{"line":1858,"column":null}},"435":{"start":{"line":1862,"column":18},"end":{"line":1880,"column":null}},"436":{"start":{"line":1864,"column":8},"end":{"line":1876,"column":null}},"437":{"start":{"line":1877,"column":8},"end":{"line":1877,"column":null}},"438":{"start":{"line":1882,"column":4},"end":{"line":1905,"column":null}},"439":{"start":{"line":1883,"column":24},"end":{"line":1885,"column":null}},"440":{"start":{"line":1886,"column":6},"end":{"line":1886,"column":null}},"441":{"start":{"line":1887,"column":6},"end":{"line":1904,"column":null}},"442":{"start":{"line":1888,"column":8},"end":{"line":1903,"column":null}},"443":{"start":{"line":1889,"column":10},"end":{"line":1890,"column":null}},"444":{"start":{"line":1889,"column":27},"end":{"line":1889,"column":null}},"445":{"start":{"line":1890,"column":15},"end":{"line":1890,"column":null}},"446":{"start":{"line":1891,"column":10},"end":{"line":1891,"column":null}},"447":{"start":{"line":1892,"column":15},"end":{"line":1903,"column":null}},"448":{"start":{"line":1893,"column":10},"end":{"line":1893,"column":null}},"449":{"start":{"line":1893,"column":26},"end":{"line":1893,"column":null}},"450":{"start":{"line":1894,"column":10},"end":{"line":1894,"column":null}},"451":{"start":{"line":1895,"column":10},"end":{"line":1895,"column":null}},"452":{"start":{"line":1896,"column":10},"end":{"line":1900,"column":null}},"453":{"start":{"line":1897,"column":12},"end":{"line":1897,"column":null}},"454":{"start":{"line":1898,"column":12},"end":{"line":1898,"column":null}},"455":{"start":{"line":1899,"column":12},"end":{"line":1899,"column":null}},"456":{"start":{"line":1899,"column":26},"end":{"line":1899,"column":null}},"457":{"start":{"line":1901,"column":15},"end":{"line":1903,"column":null}},"458":{"start":{"line":1902,"column":10},"end":{"line":1902,"column":null}},"459":{"start":{"line":1907,"column":4},"end":{"line":1911,"column":null}},"460":{"start":{"line":1908,"column":6},"end":{"line":1908,"column":null}},"461":{"start":{"line":1909,"column":6},"end":{"line":1909,"column":null}},"462":{"start":{"line":1910,"column":6},"end":{"line":1910,"column":null}},"463":{"start":{"line":1913,"column":4},"end":{"line":1928,"column":null}},"464":{"start":{"line":1914,"column":24},"end":{"line":1920,"column":null}},"465":{"start":{"line":1921,"column":6},"end":{"line":1921,"column":null}},"466":{"start":{"line":1922,"column":6},"end":{"line":1927,"column":null}},"467":{"start":{"line":1923,"column":8},"end":{"line":1923,"column":null}},"468":{"start":{"line":1924,"column":20},"end":{"line":1924,"column":null}},"469":{"start":{"line":1925,"column":8},"end":{"line":1925,"column":null}},"470":{"start":{"line":1926,"column":8},"end":{"line":1926,"column":null}},"471":{"start":{"line":1935,"column":2},"end":{"line":1935,"column":null}},"472":{"start":{"line":1939,"column":15},"end":{"line":1939,"column":null}},"473":{"start":{"line":1940,"column":2},"end":{"line":1940,"column":null}},"474":{"start":{"line":1957,"column":14},"end":{"line":1959,"column":null}},"475":{"start":{"line":1960,"column":2},"end":{"line":1960,"column":null}},"476":{"start":{"line":1976,"column":14},"end":{"line":1976,"column":null}},"477":{"start":{"line":1977,"column":2},"end":{"line":1977,"column":null}},"478":{"start":{"line":1985,"column":14},"end":{"line":1985,"column":null}},"479":{"start":{"line":1986,"column":2},"end":{"line":1986,"column":null}},"480":{"start":{"line":1995,"column":14},"end":{"line":1995,"column":null}},"481":{"start":{"line":1996,"column":2},"end":{"line":1996,"column":null}},"482":{"start":{"line":2004,"column":2},"end":{"line":2004,"column":null}},"483":{"start":{"line":2017,"column":2},"end":{"line":2021,"column":null}},"484":{"start":{"line":2033,"column":2},"end":{"line":2036,"column":null}},"485":{"start":{"line":2048,"column":2},"end":{"line":2051,"column":null}},"486":{"start":{"line":2060,"column":2},"end":{"line":2060,"column":null}},"487":{"start":{"line":2068,"column":13},"end":{"line":2071,"column":null}},"488":{"start":{"line":2072,"column":2},"end":{"line":2072,"column":null}},"489":{"start":{"line":2079,"column":13},"end":{"line":2083,"column":null}},"490":{"start":{"line":2084,"column":2},"end":{"line":2084,"column":null}},"491":{"start":{"line":2084,"column":34},"end":{"line":2084,"column":null}},"492":{"start":{"line":2085,"column":2},"end":{"line":2085,"column":null}},"493":{"start":{"line":2092,"column":2},"end":{"line":2092,"column":null}},"494":{"start":{"line":2096,"column":15},"end":{"line":2096,"column":null}},"495":{"start":{"line":2097,"column":2},"end":{"line":2097,"column":null}},"496":{"start":{"line":2108,"column":15},"end":{"line":2108,"column":null}},"497":{"start":{"line":2109,"column":2},"end":{"line":2109,"column":null}},"498":{"start":{"line":2116,"column":2},"end":{"line":2118,"column":null}},"499":{"start":{"line":2122,"column":2},"end":{"line":2122,"column":null}},"500":{"start":{"line":2164,"column":2},"end":{"line":2164,"column":null}},"501":{"start":{"line":2168,"column":2},"end":{"line":2168,"column":null}},"502":{"start":{"line":2172,"column":2},"end":{"line":2172,"column":null}},"503":{"start":{"line":2205,"column":2},"end":{"line":2205,"column":null}},"504":{"start":{"line":2212,"column":2},"end":{"line":2212,"column":null}},"505":{"start":{"line":2216,"column":2},"end":{"line":2216,"column":null}},"506":{"start":{"line":2220,"column":2},"end":{"line":2220,"column":null}},"507":{"start":{"line":2227,"column":40},"end":{"line":2227,"column":null}},"508":{"start":{"line":2228,"column":2},"end":{"line":2228,"column":null}},"509":{"start":{"line":2228,"column":28},"end":{"line":2228,"column":null}},"510":{"start":{"line":2229,"column":2},"end":{"line":2229,"column":null}},"511":{"start":{"line":2236,"column":15},"end":{"line":2236,"column":null}},"512":{"start":{"line":2240,"column":2},"end":{"line":2240,"column":null}},"513":{"start":{"line":2244,"column":15},"end":{"line":2244,"column":null}},"514":{"start":{"line":2245,"column":2},"end":{"line":2245,"column":null}},"515":{"start":{"line":2252,"column":2},"end":{"line":2252,"column":null}},"516":{"start":{"line":2259,"column":2},"end":{"line":2259,"column":null}},"517":{"start":{"line":2265,"column":2},"end":{"line":2265,"column":null}},"518":{"start":{"line":2269,"column":2},"end":{"line":2269,"column":null}},"519":{"start":{"line":2273,"column":2},"end":{"line":2273,"column":null}},"520":{"start":{"line":2277,"column":2},"end":{"line":2277,"column":null}},"521":{"start":{"line":2281,"column":15},"end":{"line":2281,"column":null}},"522":{"start":{"line":2282,"column":2},"end":{"line":2282,"column":null}},"523":{"start":{"line":2320,"column":15},"end":{"line":2320,"column":null}},"524":{"start":{"line":2321,"column":2},"end":{"line":2321,"column":null}},"525":{"start":{"line":2363,"column":2},"end":{"line":2366,"column":null}},"526":{"start":{"line":2416,"column":2},"end":{"line":2419,"column":null}},"527":{"start":{"line":2477,"column":2},"end":{"line":2477,"column":null}},"528":{"start":{"line":2484,"column":2},"end":{"line":2484,"column":null}},"529":{"start":{"line":2488,"column":2},"end":{"line":2488,"column":null}},"530":{"start":{"line":2492,"column":2},"end":{"line":2492,"column":null}},"531":{"start":{"line":2496,"column":2},"end":{"line":2496,"column":null}},"532":{"start":{"line":2502,"column":2},"end":{"line":2502,"column":null}},"533":{"start":{"line":2506,"column":2},"end":{"line":2506,"column":null}},"534":{"start":{"line":2510,"column":2},"end":{"line":2510,"column":null}},"535":{"start":{"line":2516,"column":2},"end":{"line":2516,"column":null}},"536":{"start":{"line":2520,"column":2},"end":{"line":2520,"column":null}},"537":{"start":{"line":2524,"column":2},"end":{"line":2524,"column":null}},"538":{"start":{"line":2528,"column":2},"end":{"line":2528,"column":null}},"539":{"start":{"line":2537,"column":2},"end":{"line":2537,"column":null}},"540":{"start":{"line":2547,"column":15},"end":{"line":2547,"column":null}},"541":{"start":{"line":2551,"column":2},"end":{"line":2551,"column":null}},"542":{"start":{"line":2555,"column":2},"end":{"line":2555,"column":null}},"543":{"start":{"line":2562,"column":12},"end":{"line":2562,"column":null}},"544":{"start":{"line":2563,"column":2},"end":{"line":2563,"column":null}},"545":{"start":{"line":2563,"column":19},"end":{"line":2563,"column":null}},"546":{"start":{"line":2564,"column":2},"end":{"line":2564,"column":null}},"547":{"start":{"line":2564,"column":32},"end":{"line":2564,"column":null}},"548":{"start":{"line":2565,"column":2},"end":{"line":2565,"column":null}},"549":{"start":{"line":2565,"column":33},"end":{"line":2565,"column":null}},"550":{"start":{"line":2566,"column":13},"end":{"line":2566,"column":null}},"551":{"start":{"line":2567,"column":2},"end":{"line":2567,"column":null}},"552":{"start":{"line":2587,"column":12},"end":{"line":2587,"column":null}},"553":{"start":{"line":2588,"column":2},"end":{"line":2588,"column":null}},"554":{"start":{"line":2588,"column":17},"end":{"line":2588,"column":null}},"555":{"start":{"line":2589,"column":2},"end":{"line":2589,"column":null}},"556":{"start":{"line":2589,"column":32},"end":{"line":2589,"column":null}},"557":{"start":{"line":2590,"column":13},"end":{"line":2590,"column":null}},"558":{"start":{"line":2591,"column":2},"end":{"line":2591,"column":null}},"559":{"start":{"line":2646,"column":40},"end":{"line":2646,"column":null}},"560":{"start":{"line":2647,"column":2},"end":{"line":2647,"column":null}},"561":{"start":{"line":2647,"column":14},"end":{"line":2647,"column":null}},"562":{"start":{"line":2648,"column":2},"end":{"line":2648,"column":null}},"563":{"start":{"line":2677,"column":2},"end":{"line":2677,"column":null}},"564":{"start":{"line":2728,"column":2},"end":{"line":2728,"column":null}},"565":{"start":{"line":2735,"column":2},"end":{"line":2735,"column":null}},"566":{"start":{"line":2773,"column":2},"end":{"line":2773,"column":null}},"567":{"start":{"line":2781,"column":2},"end":{"line":2781,"column":null}},"568":{"start":{"line":2789,"column":2},"end":{"line":2789,"column":null}},"569":{"start":{"line":2815,"column":2},"end":{"line":2815,"column":null}},"570":{"start":{"line":2871,"column":2},"end":{"line":2871,"column":null}},"571":{"start":{"line":2879,"column":2},"end":{"line":2879,"column":null}},"572":{"start":{"line":2887,"column":2},"end":{"line":2887,"column":null}},"573":{"start":{"line":2891,"column":2},"end":{"line":2891,"column":null}},"574":{"start":{"line":2891,"column":8},"end":{"line":2891,"column":42}},"575":{"start":{"line":2892,"column":2},"end":{"line":2892,"column":null}},"576":{"start":{"line":2893,"column":2},"end":{"line":2893,"column":null}},"577":{"start":{"line":2894,"column":2},"end":{"line":2894,"column":null}},"578":{"start":{"line":2895,"column":2},"end":{"line":2895,"column":null}},"579":{"start":{"line":2901,"column":2},"end":{"line":2901,"column":null}},"580":{"start":{"line":2907,"column":2},"end":{"line":2913,"column":null}},"581":{"start":{"line":2908,"column":4},"end":{"line":2912,"column":null}},"582":{"start":{"line":2909,"column":6},"end":{"line":2909,"column":null}},"583":{"start":{"line":2911,"column":6},"end":{"line":2911,"column":null}},"584":{"start":{"line":2946,"column":2},"end":{"line":2946,"column":null}},"585":{"start":{"line":2953,"column":2},"end":{"line":2953,"column":null}},"586":{"start":{"line":2965,"column":2},"end":{"line":2965,"column":null}},"587":{"start":{"line":2969,"column":2},"end":{"line":2969,"column":null}},"588":{"start":{"line":2970,"column":2},"end":{"line":2970,"column":null}},"589":{"start":{"line":2979,"column":40},"end":{"line":2979,"column":null}},"590":{"start":{"line":2980,"column":2},"end":{"line":2980,"column":null}},"591":{"start":{"line":2980,"column":31},"end":{"line":2980,"column":null}},"592":{"start":{"line":2981,"column":2},"end":{"line":2981,"column":null}}},"fnMap":{"0":{"name":"utf8DecodeStream","decl":{"start":{"line":25,"column":9},"end":{"line":25,"column":26}},"loc":{"start":{"line":25,"column":75},"end":{"line":27,"column":null}},"line":25},"1":{"name":"richTextToHtml","decl":{"start":{"line":103,"column":16},"end":{"line":103,"column":31}},"loc":{"start":{"line":103,"column":89},"end":{"line":120,"column":null}},"line":103},"2":{"name":"_esc","decl":{"start":{"line":122,"column":9},"end":{"line":122,"column":14}},"loc":{"start":{"line":122,"column":33},"end":{"line":124,"column":null}},"line":122},"3":{"name":"_wrapHiTokens","decl":{"start":{"line":126,"column":9},"end":{"line":126,"column":23}},"loc":{"start":{"line":126,"column":66},"end":{"line":141,"column":null}},"line":126},"4":{"name":"segmentPreview","decl":{"start":{"line":287,"column":22},"end":{"line":287,"column":null}},"loc":{"start":{"line":297,"column":35},"end":{"line":299,"column":null}},"line":297},"5":{"name":"detectMarkers","decl":{"start":{"line":315,"column":22},"end":{"line":315,"column":null}},"loc":{"start":{"line":318,"column":34},"end":{"line":320,"column":null}},"line":318},"6":{"name":"structureSections","decl":{"start":{"line":337,"column":22},"end":{"line":337,"column":null}},"loc":{"start":{"line":341,"column":38},"end":{"line":343,"column":null}},"line":341},"7":{"name":"structureDiff","decl":{"start":{"line":370,"column":22},"end":{"line":370,"column":null}},"loc":{"start":{"line":374,"column":34},"end":{"line":376,"column":null}},"line":374},"8":{"name":"segmentPropagatePreview","decl":{"start":{"line":405,"column":22},"end":{"line":405,"column":null}},"loc":{"start":{"line":408,"column":37},"end":{"line":410,"column":null}},"line":408},"9":{"name":"zoneLines","decl":{"start":{"line":423,"column":22},"end":{"line":423,"column":null}},"loc":{"start":{"line":428,"column":30},"end":{"line":430,"column":null}},"line":428},"10":{"name":"applyPropagated","decl":{"start":{"line":452,"column":22},"end":{"line":452,"column":null}},"loc":{"start":{"line":456,"column":36},"end":{"line":458,"column":null}},"line":456},"11":{"name":"deleteStructureUnit","decl":{"start":{"line":467,"column":22},"end":{"line":467,"column":null}},"loc":{"start":{"line":471,"column":40},"end":{"line":473,"column":null}},"line":471},"12":{"name":"insertStructureUnit","decl":{"start":{"line":475,"column":22},"end":{"line":475,"column":null}},"loc":{"start":{"line":481,"column":40},"end":{"line":483,"column":null}},"line":481},"13":{"name":"mergeUnits","decl":{"start":{"line":497,"column":22},"end":{"line":497,"column":null}},"loc":{"start":{"line":500,"column":31},"end":{"line":502,"column":null}},"line":500},"14":{"name":"splitUnit","decl":{"start":{"line":513,"column":22},"end":{"line":513,"column":null}},"loc":{"start":{"line":516,"column":31},"end":{"line":518,"column":null}},"line":516},"15":{"name":"sidecarLog","decl":{"start":{"line":1040,"column":9},"end":{"line":1040,"column":20}},"loc":{"start":{"line":1040,"column":85},"end":{"line":1060,"column":null}},"line":1040},"16":{"name":"(anonymous_16)","decl":{"start":{"line":1044,"column":8},"end":{"line":1044,"column":21}},"loc":{"start":{"line":1044,"column":21},"end":{"line":1044,"column":98}},"line":1044},"17":{"name":"(anonymous_17)","decl":{"start":{"line":1059,"column":5},"end":{"line":1059,"column":17}},"loc":{"start":{"line":1059,"column":17},"end":{"line":1059,"column":19}},"line":1059},"18":{"name":"headersToRecord","decl":{"start":{"line":1062,"column":9},"end":{"line":1062,"column":null}},"loc":{"start":{"line":1064,"column":38},"end":{"line":1081,"column":null}},"line":1064},"19":{"name":"(anonymous_19)","decl":{"start":{"line":1068,"column":12},"end":{"line":1068,"column":21}},"loc":{"start":{"line":1068,"column":30},"end":{"line":1070,"column":5}},"line":1068},"20":{"name":"errToString","decl":{"start":{"line":1083,"column":9},"end":{"line":1083,"column":21}},"loc":{"start":{"line":1083,"column":43},"end":{"line":1090,"column":null}},"line":1083},"21":{"name":"normalizeLoopbackHost","decl":{"start":{"line":1094,"column":16},"end":{"line":1094,"column":38}},"loc":{"start":{"line":1094,"column":79},"end":{"line":1104,"column":null}},"line":1094},"22":{"name":"makeBaseUrl","decl":{"start":{"line":1106,"column":16},"end":{"line":1106,"column":28}},"loc":{"start":{"line":1106,"column":83},"end":{"line":1108,"column":null}},"line":1106},"23":{"name":"isLoopbackUrl","decl":{"start":{"line":1110,"column":16},"end":{"line":1110,"column":30}},"loc":{"start":{"line":1110,"column":52},"end":{"line":1118,"column":null}},"line":1110},"24":{"name":"sidecarFetch","decl":{"start":{"line":1120,"column":15},"end":{"line":1120,"column":28}},"loc":{"start":{"line":1120,"column":85},"end":{"line":1251,"column":null}},"line":1120},"25":{"name":"(anonymous_25)","decl":{"start":{"line":1139,"column":26},"end":{"line":1139,"column":43}},"loc":{"start":{"line":1139,"column":43},"end":{"line":1142,"column":13}},"line":1139},"26":{"name":"expectedSidecarResourceName","decl":{"start":{"line":1255,"column":9},"end":{"line":1255,"column":47}},"loc":{"start":{"line":1255,"column":47},"end":{"line":1263,"column":null}},"line":1255},"27":{"name":"resolveExpectedSidecarPathForLogs","decl":{"start":{"line":1265,"column":15},"end":{"line":1265,"column":75}},"loc":{"start":{"line":1265,"column":75},"end":{"line":1271,"column":null}},"line":1265},"28":{"name":"parseStartupPort","decl":{"start":{"line":1273,"column":9},"end":{"line":1273,"column":26}},"loc":{"start":{"line":1273,"column":57},"end":{"line":1282,"column":null}},"line":1273},"29":{"name":"parseToken","decl":{"start":{"line":1284,"column":9},"end":{"line":1284,"column":20}},"loc":{"start":{"line":1284,"column":51},"end":{"line":1288,"column":null}},"line":1284},"30":{"name":"portfilePath","decl":{"start":{"line":1290,"column":9},"end":{"line":1290,"column":22}},"loc":{"start":{"line":1290,"column":46},"end":{"line":1296,"column":null}},"line":1290},"31":{"name":"readPortfile","decl":{"start":{"line":1298,"column":15},"end":{"line":1298,"column":28}},"loc":{"start":{"line":1298,"column":87},"end":{"line":1307,"column":null}},"line":1298},"32":{"name":"pollHealth","decl":{"start":{"line":1316,"column":15},"end":{"line":1316,"column":26}},"loc":{"start":{"line":1316,"column":94},"end":{"line":1441,"column":null}},"line":1316},"33":{"name":"(anonymous_33)","decl":{"start":{"line":1360,"column":56},"end":{"line":1360,"column":67}},"loc":{"start":{"line":1360,"column":67},"end":{"line":1362,"column":7}},"line":1360},"34":{"name":"sleep","decl":{"start":{"line":1443,"column":9},"end":{"line":1443,"column":15}},"loc":{"start":{"line":1443,"column":42},"end":{"line":1445,"column":null}},"line":1443},"35":{"name":"(anonymous_35)","decl":{"start":{"line":1444,"column":13},"end":{"line":1444,"column":22}},"loc":{"start":{"line":1444,"column":28},"end":{"line":1444,"column":45}},"line":1444},"36":{"name":"_rawPost","decl":{"start":{"line":1447,"column":15},"end":{"line":1447,"column":24}},"loc":{"start":{"line":1447,"column":106},"end":{"line":1467,"column":null}},"line":1447},"37":{"name":"_rawPut","decl":{"start":{"line":1469,"column":15},"end":{"line":1469,"column":23}},"loc":{"start":{"line":1469,"column":105},"end":{"line":1489,"column":null}},"line":1469},"38":{"name":"_rawGet","decl":{"start":{"line":1491,"column":15},"end":{"line":1491,"column":23}},"loc":{"start":{"line":1491,"column":90},"end":{"line":1501,"column":null}},"line":1491},"39":{"name":"makeConn","decl":{"start":{"line":1503,"column":9},"end":{"line":1503,"column":18}},"loc":{"start":{"line":1503,"column":63},"end":{"line":1561,"column":null}},"line":1503},"40":{"name":"(anonymous_40)","decl":{"start":{"line":1507,"column":10},"end":{"line":1507,"column":15}},"loc":{"start":{"line":1507,"column":62},"end":{"line":1525,"column":null}},"line":1507},"41":{"name":"(anonymous_41)","decl":{"start":{"line":1526,"column":10},"end":{"line":1526,"column":14}},"loc":{"start":{"line":1526,"column":46},"end":{"line":1542,"column":null}},"line":1526},"42":{"name":"(anonymous_42)","decl":{"start":{"line":1543,"column":10},"end":{"line":1543,"column":14}},"loc":{"start":{"line":1543,"column":61},"end":{"line":1559,"column":null}},"line":1543},"43":{"name":"(anonymous_43)","decl":{"start":{"line":1566,"column":2},"end":{"line":1566,"column":14}},"loc":{"start":{"line":1566,"column":68},"end":{"line":1569,"column":null}},"line":1566},"44":{"name":"ensureRunning","decl":{"start":{"line":1574,"column":22},"end":{"line":1574,"column":36}},"loc":{"start":{"line":1574,"column":67},"end":{"line":1669,"column":null}},"line":1574},"45":{"name":"_spawnSidecar","decl":{"start":{"line":1671,"column":15},"end":{"line":1671,"column":29}},"loc":{"start":{"line":1671,"column":60},"end":{"line":1813,"column":null}},"line":1671},"46":{"name":"(anonymous_46)","decl":{"start":{"line":1695,"column":61},"end":{"line":1695,"column":73}},"loc":{"start":{"line":1695,"column":73},"end":{"line":1695,"column":78}},"line":1695},"47":{"name":"(anonymous_47)","decl":{"start":{"line":1720,"column":20},"end":{"line":1720,"column":29}},"loc":{"start":{"line":1720,"column":60},"end":{"line":1725,"column":3}},"line":1720},"48":{"name":"(anonymous_48)","decl":{"start":{"line":1738,"column":13},"end":{"line":1738,"column":23}},"loc":{"start":{"line":1738,"column":38},"end":{"line":1745,"column":3}},"line":1738},"49":{"name":"_readFirstJsonFromCommand","decl":{"start":{"line":1815,"column":9},"end":{"line":1815,"column":35}},"loc":{"start":{"line":1819,"column":56},"end":{"line":1930,"column":null}},"line":1819},"50":{"name":"(anonymous_50)","decl":{"start":{"line":1820,"column":13},"end":{"line":1820,"column":22}},"loc":{"start":{"line":1820,"column":42},"end":{"line":1929,"column":3}},"line":1820},"51":{"name":"(anonymous_51)","decl":{"start":{"line":1836,"column":10},"end":{"line":1836,"column":33}},"loc":{"start":{"line":1836,"column":59},"end":{"line":1860,"column":null}},"line":1836},"52":{"name":"(anonymous_52)","decl":{"start":{"line":1862,"column":18},"end":{"line":1862,"column":null}},"loc":{"start":{"line":1863,"column":12},"end":{"line":1878,"column":null}},"line":1863},"53":{"name":"(anonymous_53)","decl":{"start":{"line":1882,"column":22},"end":{"line":1882,"column":31}},"loc":{"start":{"line":1882,"column":62},"end":{"line":1905,"column":5}},"line":1882},"54":{"name":"(anonymous_54)","decl":{"start":{"line":1907,"column":15},"end":{"line":1907,"column":25}},"loc":{"start":{"line":1907,"column":42},"end":{"line":1911,"column":5}},"line":1907},"55":{"name":"(anonymous_55)","decl":{"start":{"line":1913,"column":15},"end":{"line":1913,"column":25}},"loc":{"start":{"line":1913,"column":37},"end":{"line":1928,"column":5}},"line":1913},"56":{"name":"getHealth","decl":{"start":{"line":1934,"column":22},"end":{"line":1934,"column":32}},"loc":{"start":{"line":1934,"column":65},"end":{"line":1936,"column":null}},"line":1934},"57":{"name":"listDocuments","decl":{"start":{"line":1938,"column":22},"end":{"line":1938,"column":36}},"loc":{"start":{"line":1938,"column":75},"end":{"line":1941,"column":null}},"line":1938},"58":{"name":"listUnits","decl":{"start":{"line":1956,"column":22},"end":{"line":1956,"column":32}},"loc":{"start":{"line":1956,"column":82},"end":{"line":1961,"column":null}},"line":1956},"59":{"name":"listConventions","decl":{"start":{"line":1975,"column":22},"end":{"line":1975,"column":38}},"loc":{"start":{"line":1975,"column":77},"end":{"line":1978,"column":null}},"line":1975},"60":{"name":"createConvention","decl":{"start":{"line":1981,"column":22},"end":{"line":1981,"column":null}},"loc":{"start":{"line":1984,"column":27},"end":{"line":1987,"column":null}},"line":1984},"61":{"name":"updateConvention","decl":{"start":{"line":1990,"column":22},"end":{"line":1990,"column":null}},"loc":{"start":{"line":1994,"column":27},"end":{"line":1997,"column":null}},"line":1994},"62":{"name":"deleteConvention","decl":{"start":{"line":2000,"column":22},"end":{"line":2000,"column":null}},"loc":{"start":{"line":2003,"column":32},"end":{"line":2005,"column":null}},"line":2003},"63":{"name":"bulkSetRole","decl":{"start":{"line":2011,"column":22},"end":{"line":2011,"column":null}},"loc":{"start":{"line":2016,"column":32},"end":{"line":2022,"column":null}},"line":2016},"64":{"name":"setTextStart","decl":{"start":{"line":2028,"column":22},"end":{"line":2028,"column":null}},"loc":{"start":{"line":2032,"column":32},"end":{"line":2037,"column":null}},"line":2032},"65":{"name":"bulkSetUnitRole","decl":{"start":{"line":2043,"column":22},"end":{"line":2043,"column":null}},"loc":{"start":{"line":2047,"column":32},"end":{"line":2052,"column":null}},"line":2047},"66":{"name":"setDocumentTextStart","decl":{"start":{"line":2055,"column":22},"end":{"line":2055,"column":null}},"loc":{"start":{"line":2059,"column":32},"end":{"line":2061,"column":null}},"line":2059},"67":{"name":"getDocumentPreview","decl":{"start":{"line":2063,"column":22},"end":{"line":2063,"column":null}},"loc":{"start":{"line":2067,"column":36},"end":{"line":2073,"column":null}},"line":2067},"68":{"name":"listTokens","decl":{"start":{"line":2075,"column":22},"end":{"line":2075,"column":null}},"loc":{"start":{"line":2078,"column":31},"end":{"line":2086,"column":null}},"line":2078},"69":{"name":"updateToken","decl":{"start":{"line":2088,"column":22},"end":{"line":2088,"column":null}},"loc":{"start":{"line":2091,"column":52},"end":{"line":2093,"column":null}},"line":2091},"70":{"name":"getCorpusInfo","decl":{"start":{"line":2095,"column":22},"end":{"line":2095,"column":36}},"loc":{"start":{"line":2095,"column":75},"end":{"line":2098,"column":null}},"line":2095},"71":{"name":"updateCorpusInfo","decl":{"start":{"line":2100,"column":22},"end":{"line":2100,"column":null}},"loc":{"start":{"line":2107,"column":29},"end":{"line":2110,"column":null}},"line":2107},"72":{"name":"getCorpusAudit","decl":{"start":{"line":2112,"column":22},"end":{"line":2112,"column":null}},"loc":{"start":{"line":2115,"column":30},"end":{"line":2119,"column":null}},"line":2115},"73":{"name":"importFile","decl":{"start":{"line":2121,"column":22},"end":{"line":2121,"column":33}},"loc":{"start":{"line":2121,"column":91},"end":{"line":2123,"column":null}},"line":2121},"74":{"name":"previewImport","decl":{"start":{"line":2160,"column":22},"end":{"line":2160,"column":null}},"loc":{"start":{"line":2163,"column":34},"end":{"line":2165,"column":null}},"line":2163},"75":{"name":"rebuildIndex","decl":{"start":{"line":2167,"column":22},"end":{"line":2167,"column":35}},"loc":{"start":{"line":2167,"column":71},"end":{"line":2169,"column":null}},"line":2167},"76":{"name":"curate","decl":{"start":{"line":2171,"column":22},"end":{"line":2171,"column":29}},"loc":{"start":{"line":2171,"column":87},"end":{"line":2173,"column":null}},"line":2171},"77":{"name":"prepUndoEligibility","decl":{"start":{"line":2201,"column":22},"end":{"line":2201,"column":null}},"loc":{"start":{"line":2204,"column":40},"end":{"line":2206,"column":null}},"line":2204},"78":{"name":"prepUndo","decl":{"start":{"line":2208,"column":22},"end":{"line":2208,"column":null}},"loc":{"start":{"line":2211,"column":29},"end":{"line":2213,"column":null}},"line":2211},"79":{"name":"segment","decl":{"start":{"line":2215,"column":22},"end":{"line":2215,"column":30}},"loc":{"start":{"line":2215,"column":90},"end":{"line":2217,"column":null}},"line":2215},"80":{"name":"align","decl":{"start":{"line":2219,"column":22},"end":{"line":2219,"column":28}},"loc":{"start":{"line":2219,"column":84},"end":{"line":2221,"column":null}},"line":2219},"81":{"name":"validateMeta","decl":{"start":{"line":2223,"column":22},"end":{"line":2223,"column":null}},"loc":{"start":{"line":2226,"column":33},"end":{"line":2230,"column":null}},"line":2226},"82":{"name":"annotate","decl":{"start":{"line":2232,"column":22},"end":{"line":2232,"column":null}},"loc":{"start":{"line":2235,"column":22},"end":{"line":2241,"column":null}},"line":2235},"83":{"name":"getJob","decl":{"start":{"line":2243,"column":22},"end":{"line":2243,"column":29}},"loc":{"start":{"line":2243,"column":76},"end":{"line":2246,"column":null}},"line":2243},"84":{"name":"curatePreview","decl":{"start":{"line":2248,"column":22},"end":{"line":2248,"column":null}},"loc":{"start":{"line":2251,"column":34},"end":{"line":2253,"column":null}},"line":2251},"85":{"name":"alignAudit","decl":{"start":{"line":2255,"column":22},"end":{"line":2255,"column":null}},"loc":{"start":{"line":2258,"column":31},"end":{"line":2260,"column":null}},"line":2258},"86":{"name":"updateDocument","decl":{"start":{"line":2264,"column":22},"end":{"line":2264,"column":37}},"loc":{"start":{"line":2264,"column":129},"end":{"line":2266,"column":null}},"line":2264},"87":{"name":"bulkUpdateDocuments","decl":{"start":{"line":2268,"column":22},"end":{"line":2268,"column":42}},"loc":{"start":{"line":2268,"column":118},"end":{"line":2270,"column":null}},"line":2268},"88":{"name":"deleteDocuments","decl":{"start":{"line":2272,"column":22},"end":{"line":2272,"column":38}},"loc":{"start":{"line":2272,"column":117},"end":{"line":2274,"column":null}},"line":2272},"89":{"name":"getDocRelations","decl":{"start":{"line":2276,"column":22},"end":{"line":2276,"column":38}},"loc":{"start":{"line":2276,"column":97},"end":{"line":2278,"column":null}},"line":2276},"90":{"name":"getAllDocRelations","decl":{"start":{"line":2280,"column":22},"end":{"line":2280,"column":41}},"loc":{"start":{"line":2280,"column":83},"end":{"line":2283,"column":null}},"line":2280},"91":{"name":"getFamilies","decl":{"start":{"line":2319,"column":22},"end":{"line":2319,"column":34}},"loc":{"start":{"line":2319,"column":71},"end":{"line":2322,"column":null}},"line":2319},"92":{"name":"segmentFamily","decl":{"start":{"line":2358,"column":22},"end":{"line":2358,"column":null}},"loc":{"start":{"line":2362,"column":34},"end":{"line":2367,"column":null}},"line":2362},"93":{"name":"alignFamily","decl":{"start":{"line":2411,"column":22},"end":{"line":2411,"column":null}},"loc":{"start":{"line":2415,"column":32},"end":{"line":2420,"column":null}},"line":2415},"94":{"name":"exportTmx","decl":{"start":{"line":2473,"column":22},"end":{"line":2473,"column":null}},"loc":{"start":{"line":2476,"column":30},"end":{"line":2478,"column":null}},"line":2476},"95":{"name":"exportBilingual","decl":{"start":{"line":2480,"column":22},"end":{"line":2480,"column":null}},"loc":{"start":{"line":2483,"column":36},"end":{"line":2485,"column":null}},"line":2483},"96":{"name":"setDocRelation","decl":{"start":{"line":2487,"column":22},"end":{"line":2487,"column":37}},"loc":{"start":{"line":2487,"column":119},"end":{"line":2489,"column":null}},"line":2487},"97":{"name":"deleteDocRelation","decl":{"start":{"line":2491,"column":22},"end":{"line":2491,"column":40}},"loc":{"start":{"line":2491,"column":94},"end":{"line":2493,"column":null}},"line":2491},"98":{"name":"backupDatabase","decl":{"start":{"line":2495,"column":22},"end":{"line":2495,"column":37}},"loc":{"start":{"line":2495,"column":104},"end":{"line":2497,"column":null}},"line":2495},"99":{"name":"exportTei","decl":{"start":{"line":2501,"column":22},"end":{"line":2501,"column":32}},"loc":{"start":{"line":2501,"column":96},"end":{"line":2503,"column":null}},"line":2501},"100":{"name":"exportAlignCsv","decl":{"start":{"line":2505,"column":22},"end":{"line":2505,"column":37}},"loc":{"start":{"line":2505,"column":111},"end":{"line":2507,"column":null}},"line":2505},"101":{"name":"exportRunReport","decl":{"start":{"line":2509,"column":22},"end":{"line":2509,"column":38}},"loc":{"start":{"line":2509,"column":114},"end":{"line":2511,"column":null}},"line":2509},"102":{"name":"createAlignLink","decl":{"start":{"line":2515,"column":22},"end":{"line":2515,"column":38}},"loc":{"start":{"line":2515,"column":114},"end":{"line":2517,"column":null}},"line":2515},"103":{"name":"updateAlignLinkStatus","decl":{"start":{"line":2519,"column":22},"end":{"line":2519,"column":44}},"loc":{"start":{"line":2519,"column":162},"end":{"line":2521,"column":null}},"line":2519},"104":{"name":"deleteAlignLink","decl":{"start":{"line":2523,"column":22},"end":{"line":2523,"column":38}},"loc":{"start":{"line":2523,"column":127},"end":{"line":2525,"column":null}},"line":2523},"105":{"name":"retargetAlignLink","decl":{"start":{"line":2527,"column":22},"end":{"line":2527,"column":40}},"loc":{"start":{"line":2527,"column":159},"end":{"line":2529,"column":null}},"line":2527},"106":{"name":"batchUpdateAlignLinks","decl":{"start":{"line":2533,"column":22},"end":{"line":2533,"column":null}},"loc":{"start":{"line":2536,"column":37},"end":{"line":2538,"column":null}},"line":2536},"107":{"name":"enqueueJob","decl":{"start":{"line":2542,"column":22},"end":{"line":2542,"column":null}},"loc":{"start":{"line":2546,"column":22},"end":{"line":2552,"column":null}},"line":2546},"108":{"name":"cancelJob","decl":{"start":{"line":2554,"column":22},"end":{"line":2554,"column":32}},"loc":{"start":{"line":2554,"column":74},"end":{"line":2556,"column":null}},"line":2554},"109":{"name":"listJobs","decl":{"start":{"line":2558,"column":22},"end":{"line":2558,"column":null}},"loc":{"start":{"line":2561,"column":68},"end":{"line":2572,"column":null}},"line":2561},"110":{"name":"listRuns","decl":{"start":{"line":2583,"column":22},"end":{"line":2583,"column":null}},"loc":{"start":{"line":2586,"column":49},"end":{"line":2592,"column":null}},"line":2586},"111":{"name":"alignQuality","decl":{"start":{"line":2640,"column":22},"end":{"line":2640,"column":null}},"loc":{"start":{"line":2645,"column":33},"end":{"line":2649,"column":null}},"line":2645},"112":{"name":"retargetCandidates","decl":{"start":{"line":2673,"column":22},"end":{"line":2673,"column":null}},"loc":{"start":{"line":2676,"column":39},"end":{"line":2678,"column":null}},"line":2676},"113":{"name":"listCollisions","decl":{"start":{"line":2724,"column":22},"end":{"line":2724,"column":null}},"loc":{"start":{"line":2727,"column":35},"end":{"line":2729,"column":null}},"line":2727},"114":{"name":"resolveCollisions","decl":{"start":{"line":2731,"column":22},"end":{"line":2731,"column":null}},"loc":{"start":{"line":2734,"column":37},"end":{"line":2736,"column":null}},"line":2734},"115":{"name":"listCurateExceptions","decl":{"start":{"line":2769,"column":22},"end":{"line":2769,"column":null}},"loc":{"start":{"line":2772,"column":41},"end":{"line":2774,"column":null}},"line":2772},"116":{"name":"setCurateException","decl":{"start":{"line":2777,"column":22},"end":{"line":2777,"column":null}},"loc":{"start":{"line":2780,"column":39},"end":{"line":2782,"column":null}},"line":2780},"117":{"name":"deleteCurateException","decl":{"start":{"line":2785,"column":22},"end":{"line":2785,"column":null}},"loc":{"start":{"line":2788,"column":42},"end":{"line":2790,"column":null}},"line":2788},"118":{"name":"exportCurateExceptions","decl":{"start":{"line":2811,"column":22},"end":{"line":2811,"column":null}},"loc":{"start":{"line":2814,"column":43},"end":{"line":2816,"column":null}},"line":2814},"119":{"name":"recordApplyHistory","decl":{"start":{"line":2867,"column":22},"end":{"line":2867,"column":null}},"loc":{"start":{"line":2870,"column":39},"end":{"line":2872,"column":null}},"line":2870},"120":{"name":"listApplyHistory","decl":{"start":{"line":2875,"column":22},"end":{"line":2875,"column":null}},"loc":{"start":{"line":2878,"column":37},"end":{"line":2880,"column":null}},"line":2878},"121":{"name":"exportApplyHistory","decl":{"start":{"line":2883,"column":22},"end":{"line":2883,"column":null}},"loc":{"start":{"line":2886,"column":39},"end":{"line":2888,"column":null}},"line":2886},"122":{"name":"shutdownSidecar","decl":{"start":{"line":2890,"column":22},"end":{"line":2890,"column":38}},"loc":{"start":{"line":2890,"column":65},"end":{"line":2896,"column":null}},"line":2890},"123":{"name":"getActiveConn","decl":{"start":{"line":2900,"column":16},"end":{"line":2900,"column":45}},"loc":{"start":{"line":2900,"column":45},"end":{"line":2902,"column":null}},"line":2900},"124":{"name":"_notifyRustRegistry","decl":{"start":{"line":2906,"column":9},"end":{"line":2906,"column":29}},"loc":{"start":{"line":2906,"column":54},"end":{"line":2914,"column":null}},"line":2906},"125":{"name":"getFamilyCurationStatus","decl":{"start":{"line":2942,"column":22},"end":{"line":2942,"column":null}},"loc":{"start":{"line":2945,"column":41},"end":{"line":2947,"column":null}},"line":2945},"126":{"name":"acknowledgeSourceChange","decl":{"start":{"line":2949,"column":22},"end":{"line":2949,"column":null}},"loc":{"start":{"line":2952,"column":37},"end":{"line":2954,"column":null}},"line":2952},"127":{"name":"getAlignSourceChangedSummary","decl":{"start":{"line":2962,"column":22},"end":{"line":2962,"column":null}},"loc":{"start":{"line":2964,"column":38},"end":{"line":2966,"column":null}},"line":2964},"128":{"name":"resetConnection","decl":{"start":{"line":2968,"column":16},"end":{"line":2968,"column":40}},"loc":{"start":{"line":2968,"column":40},"end":{"line":2971,"column":null}},"line":2968},"129":{"name":"updateUnitText","decl":{"start":{"line":2973,"column":22},"end":{"line":2973,"column":null}},"loc":{"start":{"line":2978,"column":96},"end":{"line":2982,"column":null}},"line":2978}},"branchMap":{"0":{"loc":{"start":{"line":104,"column":2},"end":{"line":104,"column":null}},"type":"if","locations":[{"start":{"line":104,"column":2},"end":{"line":104,"column":null}},{"start":{},"end":{}}],"line":104},"1":{"loc":{"start":{"line":104,"column":6},"end":{"line":104,"column":36}},"type":"binary-expr","locations":[{"start":{"line":104,"column":6},"end":{"line":104,"column":14}},{"start":{"line":104,"column":14},"end":{"line":104,"column":36}}],"line":104},"2":{"loc":{"start":{"line":112,"column":10},"end":{"line":112,"column":null}},"type":"binary-expr","locations":[{"start":{"line":112,"column":10},"end":{"line":112,"column":51}},{"start":{"line":112,"column":51},"end":{"line":112,"column":null}}],"line":112},"3":{"loc":{"start":{"line":112,"column":18},"end":{"line":112,"column":45}},"type":"binary-expr","locations":[{"start":{"line":112,"column":18},"end":{"line":112,"column":41}},{"start":{"line":112,"column":41},"end":{"line":112,"column":45}}],"line":112},"4":{"loc":{"start":{"line":138,"column":4},"end":{"line":138,"column":null}},"type":"if","locations":[{"start":{"line":138,"column":4},"end":{"line":138,"column":null}},{"start":{},"end":{}}],"line":138},"5":{"loc":{"start":{"line":1023,"column":2},"end":{"line":1023,"column":null}},"type":"binary-expr","locations":[{"start":{"line":1023,"column":2},"end":{"line":1023,"column":38}},{"start":{"line":1023,"column":38},"end":{"line":1023,"column":null}}],"line":1023},"6":{"loc":{"start":{"line":1024,"column":34},"end":{"line":1024,"column":null}},"type":"cond-expr","locations":[{"start":{"line":1024,"column":55},"end":{"line":1024,"column":63}},{"start":{"line":1024,"column":63},"end":{"line":1024,"column":null}}],"line":1024},"7":{"loc":{"start":{"line":1025,"column":40},"end":{"line":1025,"column":null}},"type":"cond-expr","locations":[{"start":{"line":1025,"column":61},"end":{"line":1025,"column":68}},{"start":{"line":1025,"column":68},"end":{"line":1025,"column":null}}],"line":1025},"8":{"loc":{"start":{"line":1027,"column":40},"end":{"line":1027,"column":null}},"type":"cond-expr","locations":[{"start":{"line":1027,"column":61},"end":{"line":1027,"column":69}},{"start":{"line":1027,"column":69},"end":{"line":1027,"column":null}}],"line":1027},"9":{"loc":{"start":{"line":1033,"column":40},"end":{"line":1033,"column":null}},"type":"cond-expr","locations":[{"start":{"line":1033,"column":61},"end":{"line":1033,"column":68}},{"start":{"line":1033,"column":68},"end":{"line":1033,"column":null}}],"line":1033},"10":{"loc":{"start":{"line":1043,"column":4},"end":{"line":1045,"column":null}},"type":"cond-expr","locations":[{"start":{"line":1044,"column":8},"end":{"line":1044,"column":null}},{"start":{"line":1045,"column":8},"end":{"line":1045,"column":null}}],"line":1043},"11":{"loc":{"start":{"line":1046,"column":2},"end":{"line":1055,"column":null}},"type":"if","locations":[{"start":{"line":1046,"column":2},"end":{"line":1055,"column":null}},{"start":{"line":1049,"column":9},"end":{"line":1055,"column":null}}],"line":1046},"12":{"loc":{"start":{"line":1047,"column":4},"end":{"line":1048,"column":null}},"type":"if","locations":[{"start":{"line":1047,"column":4},"end":{"line":1048,"column":null}},{"start":{"line":1048,"column":9},"end":{"line":1048,"column":null}}],"line":1047},"13":{"loc":{"start":{"line":1049,"column":9},"end":{"line":1055,"column":null}},"type":"if","locations":[{"start":{"line":1049,"column":9},"end":{"line":1055,"column":null}},{"start":{"line":1052,"column":9},"end":{"line":1055,"column":null}}],"line":1049},"14":{"loc":{"start":{"line":1050,"column":4},"end":{"line":1051,"column":null}},"type":"if","locations":[{"start":{"line":1050,"column":4},"end":{"line":1051,"column":null}},{"start":{"line":1051,"column":9},"end":{"line":1051,"column":null}}],"line":1050},"15":{"loc":{"start":{"line":1053,"column":4},"end":{"line":1054,"column":null}},"type":"if","locations":[{"start":{"line":1053,"column":4},"end":{"line":1054,"column":null}},{"start":{"line":1054,"column":9},"end":{"line":1054,"column":null}}],"line":1053},"16":{"loc":{"start":{"line":1065,"column":2},"end":{"line":1065,"column":null}},"type":"if","locations":[{"start":{"line":1065,"column":2},"end":{"line":1065,"column":null}},{"start":{},"end":{}}],"line":1065},"17":{"loc":{"start":{"line":1066,"column":2},"end":{"line":1072,"column":null}},"type":"if","locations":[{"start":{"line":1066,"column":2},"end":{"line":1072,"column":null}},{"start":{},"end":{}}],"line":1066},"18":{"loc":{"start":{"line":1073,"column":2},"end":{"line":1079,"column":null}},"type":"if","locations":[{"start":{"line":1073,"column":2},"end":{"line":1079,"column":null}},{"start":{},"end":{}}],"line":1073},"19":{"loc":{"start":{"line":1084,"column":2},"end":{"line":1084,"column":null}},"type":"if","locations":[{"start":{"line":1084,"column":2},"end":{"line":1084,"column":null}},{"start":{},"end":{}}],"line":1084},"20":{"loc":{"start":{"line":1095,"column":15},"end":{"line":1095,"column":27}},"type":"binary-expr","locations":[{"start":{"line":1095,"column":15},"end":{"line":1095,"column":23}},{"start":{"line":1095,"column":23},"end":{"line":1095,"column":27}}],"line":1095},"21":{"loc":{"start":{"line":1096,"column":2},"end":{"line":1096,"column":null}},"type":"if","locations":[{"start":{"line":1096,"column":2},"end":{"line":1096,"column":null}},{"start":{},"end":{}}],"line":1096},"22":{"loc":{"start":{"line":1098,"column":22},"end":{"line":1098,"column":null}},"type":"cond-expr","locations":[{"start":{"line":1098,"column":65},"end":{"line":1098,"column":84}},{"start":{"line":1098,"column":84},"end":{"line":1098,"column":null}}],"line":1098},"23":{"loc":{"start":{"line":1098,"column":22},"end":{"line":1098,"column":65}},"type":"binary-expr","locations":[{"start":{"line":1098,"column":22},"end":{"line":1098,"column":45}},{"start":{"line":1098,"column":45},"end":{"line":1098,"column":65}}],"line":1098},"24":{"loc":{"start":{"line":1100,"column":2},"end":{"line":1102,"column":null}},"type":"if","locations":[{"start":{"line":1100,"column":2},"end":{"line":1102,"column":null}},{"start":{},"end":{}}],"line":1100},"25":{"loc":{"start":{"line":1100,"column":6},"end":{"line":1100,"column":77}},"type":"binary-expr","locations":[{"start":{"line":1100,"column":6},"end":{"line":1100,"column":33}},{"start":{"line":1100,"column":33},"end":{"line":1100,"column":58}},{"start":{"line":1100,"column":58},"end":{"line":1100,"column":77}}],"line":1100},"26":{"loc":{"start":{"line":1114,"column":11},"end":{"line":1114,"column":null}},"type":"binary-expr","locations":[{"start":{"line":1114,"column":11},"end":{"line":1114,"column":35}},{"start":{"line":1114,"column":35},"end":{"line":1114,"column":59}},{"start":{"line":1114,"column":59},"end":{"line":1114,"column":null}}],"line":1114},"27":{"loc":{"start":{"line":1121,"column":18},"end":{"line":1121,"column":41}},"type":"binary-expr","locations":[{"start":{"line":1121,"column":18},"end":{"line":1121,"column":34}},{"start":{"line":1121,"column":34},"end":{"line":1121,"column":41}}],"line":1121},"28":{"loc":{"start":{"line":1123,"column":15},"end":{"line":1123,"column":null}},"type":"cond-expr","locations":[{"start":{"line":1123,"column":26},"end":{"line":1123,"column":63}},{"start":{"line":1123,"column":63},"end":{"line":1123,"column":null}}],"line":1123},"29":{"loc":{"start":{"line":1125,"column":2},"end":{"line":1195,"column":null}},"type":"if","locations":[{"start":{"line":1125,"column":2},"end":{"line":1195,"column":null}},{"start":{},"end":{}}],"line":1125},"30":{"loc":{"start":{"line":1126,"column":4},"end":{"line":1173,"column":null}},"type":"if","locations":[{"start":{"line":1126,"column":4},"end":{"line":1173,"column":null}},{"start":{"line":1168,"column":11},"end":{"line":1173,"column":null}}],"line":1126},"31":{"loc":{"start":{"line":1137,"column":8},"end":{"line":1143,"column":null}},"type":"if","locations":[{"start":{"line":1137,"column":8},"end":{"line":1143,"column":null}},{"start":{},"end":{}}],"line":1137},"32":{"loc":{"start":{"line":1146,"column":18},"end":{"line":1146,"column":null}},"type":"binary-expr","locations":[{"start":{"line":1146,"column":18},"end":{"line":1146,"column":45}},{"start":{"line":1146,"column":45},"end":{"line":1146,"column":null}}],"line":1146},"33":{"loc":{"start":{"line":1164,"column":8},"end":{"line":1164,"column":null}},"type":"if","locations":[{"start":{"line":1164,"column":8},"end":{"line":1164,"column":null}},{"start":{},"end":{}}],"line":1164},"34":{"loc":{"start":{"line":1166,"column":8},"end":{"line":1166,"column":null}},"type":"if","locations":[{"start":{"line":1166,"column":8},"end":{"line":1166,"column":null}},{"start":{},"end":{}}],"line":1166},"35":{"loc":{"start":{"line":1170,"column":6},"end":{"line":1172,"column":null}},"type":"if","locations":[{"start":{"line":1170,"column":6},"end":{"line":1172,"column":null}},{"start":{},"end":{}}],"line":1170},"36":{"loc":{"start":{"line":1198,"column":2},"end":{"line":1228,"column":null}},"type":"if","locations":[{"start":{"line":1198,"column":2},"end":{"line":1228,"column":null}},{"start":{},"end":{}}],"line":1198},"37":{"loc":{"start":{"line":1209,"column":16},"end":{"line":1209,"column":null}},"type":"cond-expr","locations":[{"start":{"line":1209,"column":49},"end":{"line":1209,"column":61}},{"start":{"line":1209,"column":61},"end":{"line":1209,"column":null}}],"line":1209},"38":{"loc":{"start":{"line":1256,"column":2},"end":{"line":1261,"column":null}},"type":"if","locations":[{"start":{"line":1256,"column":2},"end":{"line":1261,"column":null}},{"start":{},"end":{}}],"line":1256},"39":{"loc":{"start":{"line":1257,"column":15},"end":{"line":1257,"column":null}},"type":"cond-expr","locations":[{"start":{"line":1257,"column":50},"end":{"line":1257,"column":72}},{"start":{"line":1257,"column":72},"end":{"line":1257,"column":null}}],"line":1257},"40":{"loc":{"start":{"line":1259,"column":19},"end":{"line":1259,"column":null}},"type":"cond-expr","locations":[{"start":{"line":1259,"column":29},"end":{"line":1259,"column":57}},{"start":{"line":1259,"column":57},"end":{"line":1259,"co
[...]
:1360:56:1360:67":33,"s:1361:8:1361:Infinity":196,"s:1363:18:1363:Infinity":197,"s:1364:24:1364:Infinity":198,"s:1365:29:1365:Infinity":199,"s:1367:49:1367:Infinity":200,"s:1368:6:1380:Infinity":201,"s:1369:8:1369:Infinity":202,"s:1371:8:1371:Infinity":203,"s:1372:8:1379:Infinity":204,"b:1382:6:1416:Infinity:1405:13:1416:Infinity":56,"s:1382:6:1416:Infinity":205,"b:1383:8:1394:Infinity:undefined:undefined:undefined:undefined":57,"s:1383:8:1394:Infinity":206,"b:1383:12:1383:21:1383:21:1383:41:1383:41:1383:64":58,"s:1384:10:1392:Infinity":207,"s:1393:10:1393:Infinity":208,"s:1395:8:1395:Infinity":209,"s:1396:8:1404:Infinity":210,"s:1406:8:1406:Infinity":211,"s:1407:8:1415:Infinity":212,"s:1418:24:1418:Infinity":213,"s:1419:29:1419:Infinity":214,"s:1420:6:1420:Infinity":215,"s:1421:6:1428:Infinity":216,"s:1431:22:1431:Infinity":217,"b:1432:4:1432:Infinity:undefined:undefined:undefined:undefined":59,"s:1432:4:1432:Infinity":218,"s:1432:24:1432:Infinity":219,"s:1433:4:1433:Infinity":220,"s:1436:2:1439:Infinity":221,"b:1438:92:1438:105:1438:105:1438:Infinity":60,"s:1440:2:1440:Infinity":222,"f:1443:9:1443:15":34,"s:1444:2:1444:Infinity":223,"f:1444:13:1444:22":35,"s:1444:28:1444:45":224,"f:1447:15:1447:24":36,"s:1448:42:1450:Infinity":225,"b:1451:2:1451:Infinity:undefined:undefined:undefined:undefined":61,"s:1451:2:1451:Infinity":226,"s:1451:13:1451:Infinity":227,"s:1452:14:1456:Infinity":228,"s:1457:16:1457:Infinity":229,"b:1458:2:1465:Infinity:undefined:undefined:undefined:undefined":62,"s:1458:2:1465:Infinity":230,"b:1458:6:1458:17:1458:17:1458:36":63,"s:1460:7:1462:Infinity":231,"b:1460:7:1460:Infinity:1461:7:1461:Infinity:1462:6:1462:Infinity":64,"s:1463:16:1463:Infinity":232,"b:1463:38:1463:67:1463:67:1463:Infinity":65,"s:1464:4:1464:Infinity":233,"s:1466:2:1466:Infinity":234,"f:1469:15:1469:23":37,"s:1470:42:1472:Infinity":235,"b:1473:2:1473:Infinity:undefined:undefined:undefined:undefined":66,"s:1473:2:1473:Infinity":236,"s:1473:13:1473:Infinity":237,"s:1474:14:1478:Infinity":238,"s:1479:16:1479:Infinity":239,"b:1480:2:1487:Infinity:undefined:undefined:undefined:undefined":67,"s:1480:2:1487:Infinity":240,"b:1480:6:1480:17:1480:17:1480:36":68,"s:1482:7:1484:Infinity":241,"b:1482:7:1482:Infinity:1483:7:1483:Infinity:1484:6:1484:Infinity":69,"s:1485:16:1485:Infinity":242,"b:1485:38:1485:67:1485:67:1485:Infinity":70,"s:1486:4:1486:Infinity":243,"s:1488:2:1488:Infinity":244,"f:1491:15:1491:23":38,"s:1492:42:1492:Infinity":245,"b:1493:2:1493:Infinity:undefined:undefined:undefined:undefined":71,"s:1493:2:1493:Infinity":246,"s:1493:13:1493:Infinity":247,"s:1494:14:1494:Infinity":248,"s:1495:16:1495:Infinity":249,"b:1496:2:1499:Infinity:undefined:undefined:undefined:undefined":72,"s:1496:2:1499:Infinity":250,"s:1497:17:1497:Infinity":251,"b:1497:17:1497:50:1497:50:1497:Infinity":73,"s:1498:4:1498:Infinity":252,"s:1500:2:1500:Infinity":253,"f:1503:9:1503:18":39,"s:1504:2:1560:Infinity":254,"f:1507:10:1507:15":40,"s:1508:6:1524:Infinity":255,"s:1509:8:1509:Infinity":256,"b:1513:8:1522:Infinity:undefined:undefined:undefined:undefined":74,"s:1513:8:1522:Infinity":257,"b:1513:12:1513:46:1513:46:1513:61:1513:61:1513:89":75,"s:1514:10:1514:Infinity":258,"s:1515:10:1515:Infinity":259,"s:1516:10:1521:Infinity":260,"s:1517:26:1517:Infinity":261,"s:1518:12:1518:Infinity":262,"s:1520:12:1520:Infinity":263,"s:1523:8:1523:Infinity":264,"f:1526:10:1526:14":41,"s:1527:6:1541:Infinity":265,"s:1528:8:1528:Infinity":266,"b:1530:8:1539:Infinity:undefined:undefined:undefined:undefined":76,"s:1530:8:1539:Infinity":267,"b:1530:12:1530:46:1530:46:1530:61:1530:61:1530:89":77,"s:1531:10:1531:Infinity":268,"s:1532:10:1532:Infinity":269,"s:1533:10:1538:Infinity":270,"s:1534:26:1534:Infinity":271,"s:1535:12:1535:Infinity":272,"s:1537:12:1537:Infinity":273,"s:1540:8:1540:Infinity":274,"f:1543:10:1543:14":42,"s:1544:6:1558:Infinity":275,"s:1545:8:1545:Infinity":276,"b:1547:8:1556:Infinity:undefined:undefined:undefined:undefined":78,"s:1547:8:1556:Infinity":277,"b:1547:12:1547:46:1547:46:1547:61:1547:61:1547:89":79,"s:1548:10:1548:Infinity":278,"s:1549:10:1549:Infinity":279,"s:1550:10:1555:Infinity":280,"s:1551:26:1551:Infinity":281,"s:1552:12:1552:Infinity":282,"s:1554:12:1554:Infinity":283,"s:1557:8:1557:Infinity":284,"f:1566:2:1566:14":43,"s:1567:4:1567:Infinity":285,"s:1566:47:1566:68":286,"s:1568:4:1568:Infinity":287,"f:1574:22:1574:36":44,"s:1575:2:1575:Infinity":288,"b:1578:2:1602:Infinity:1598:9:1602:Infinity":80,"s:1578:2:1602:Infinity":289,"b:1578:6:1578:15:1578:15:1578:39":81,"s:1579:4:1597:Infinity":290,"s:1580:6:1580:Infinity":291,"b:1582:6:1590:Infinity:undefined:undefined:undefined:undefined":82,"s:1582:6:1590:Infinity":292,"s:1583:23:1583:Infinity":293,"s:1584:27:1584:Infinity":294,"b:1584:36:1584:63:1584:63:1584:Infinity":83,"b:1585:8:1589:Infinity:undefined:undefined:undefined:undefined":84,"s:1585:8:1589:Infinity":295,"s:1586:10:1586:Infinity":296,"s:1587:10:1587:Infinity":297,"s:1588:10:1588:Infinity":298,"s:1591:6:1591:Infinity":299,"s:1592:6:1592:Infinity":300,"s:1594:6:1594:Infinity":301,"s:1595:6:1595:Infinity":302,"s:1596:6:1596:Infinity":303,"b:1598:9:1602:Infinity:undefined:undefined:undefined:undefined":85,"s:1598:9:1602:Infinity":304,"b:1598:13:1598:22:1598:22:1598:46":86,"s:1599:4:1599:Infinity":305,"s:1600:4:1600:Infinity":306,"s:1601:4:1601:Infinity":307,"s:1605:13:1605:Infinity":308,"s:1606:2:1606:Infinity":309,"s:1607:17:1607:Infinity":310,"b:1608:2:1664:Infinity:undefined:undefined:undefined:undefined":87,"s:1608:2:1664:Infinity":311,"s:1613:21:1613:Infinity":312,"b:1613:58:1613:75:1613:75:1613:Infinity":88,"b:1614:4:1663:Infinity:1631:11:1663:Infinity":89,"s:1614:4:1663:Infinity":313,"b:1614:8:1614:29:1614:29:1614:50":90,"s:1615:6:1615:Infinity":314,"s:1617:25:1617:Infinity":315,"b:1617:25:1617:51:1617:51:1617:Infinity":91,"s:1618:24:1618:Infinity":316,"s:1619:25:1619:Infinity":317,"b:1620:6:1629:Infinity:undefined:undefined:undefined:undefined":92,"s:1620:6:1629:Infinity":318,"b:1620:10:1620:43:1620:43:1620:58":93,"s:1621:25:1621:Infinity":319,"s:1622:8:1628:Infinity":320,"s:1623:28:1623:Infinity":321,"s:1624:10:1624:Infinity":322,"s:1625:10:1625:Infinity":323,"s:1632:20:1632:Infinity":324,"b:1632:20:1632:46:1632:46:1632:Infinity":94,"s:1633:19:1633:Infinity":325,"s:1634:20:1634:Infinity":326,"b:1635:6:1662:Infinity:undefined:undefined:undefined:undefined":95,"s:1635:6:1662:Infinity":327,"b:1635:10:1635:38:1635:38:1635:48":96,"s:1636:24:1636:Infinity":328,"s:1637:8:1661:Infinity":329,"s:1638:22:1638:Infinity":330,"s:1639:24:1639:Infinity":331,"b:1640:10:1656:Infinity:undefined:undefined:undefined:undefined":97,"s:1640:10:1656:Infinity":332,"b:1640:14:1640:24:1640:24:1640:42":98,"b:1641:12:1655:Infinity:1646:19:1655:Infinity":99,"s:1641:12:1655:Infinity":333,"b:1641:16:1641:34:1641:34:1641:64":100,"s:1642:14:1644:Infinity":334,"s:1647:14:1650:Infinity":335,"b:1649:29:1649:46:1649:46:1649:Infinity":101,"s:1651:14:1651:Infinity":336,"s:1652:14:1652:Infinity":337,"s:1653:14:1653:Infinity":338,"s:1654:14:1654:Infinity":339,"s:1657:10:1657:Infinity":340,"s:1659:10:1659:Infinity":341,"s:1667:2:1667:Infinity":342,"s:1668:2:1668:Infinity":343,"f:1671:15:1671:29":45,"b:1672:2:1679:Infinity:undefined:undefined:undefined:undefined":102,"s:1672:2:1679:Infinity":344,"s:1673:4:1677:Infinity":345,"s:1674:6:1674:Infinity":346,"s:1678:4:1678:Infinity":347,"s:1681:22:1691:Infinity":348,"s:1693:30:1693:Infinity":349,"b:1694:2:1702:Infinity:1700:9:1702:Infinity":103,"s:1694:2:1702:Infinity":350,"s:1695:27:1695:Infinity":351,"f:1695:61:1695:73":46,"s:1695:73:1695:78":352,"s:1696:4:1699:Infinity":353,"s:1701:4:1701:Infinity":354,"s:1704:18:1704:Infinity":355,"s:1705:23:1705:Infinity":356,"s:1710:29:1710:Infinity":357,"s:1711:2:1717:Infinity":358,"b:1713:13:1713:37:1713:37:1713:Infinity":104,"b:1714:10:1714:31:1714:31:1714:Infinity":105,"b:1715:9:1715:38:1715:38:1715:Infinity":106,"s:1719:20:1719:Infinity":359,"s:1720:2:1725:Infinity":360,"f:1720:20:1720:29":47,"s:1721:10:1723:Infinity":361,"b:1722:34:1722:42:1722:42:1722:Infinity":107,"b:1724:4:1724:Infinity:undefined:undefined:undefined:undefined":108,"s:1724:4:1724:Infinity":362,"s:1724:20:1724:Infinity":363,"s:1727:27:1727:Infinity":364,"s:1730:25:1730:Infinity":365,"s:1731:2:1736:Infinity":366,"s:1732:4:1732:Infinity":367,"s:1734:4:1734:Infinity":368,"s:1735:4:1735:Infinity":369,"s:1737:2:1737:Infinity":370,"s:1738:2:1745:Infinity":371,"f:1738:13:1738:23":48,"s:1739:4:1744:Infinity":372,"s:1746:2:1746:Infinity":373,"s:1748:18:1748:Infinity":374,"s:1749:2:1749:Infinity":375,"s:1751:16:1751:Infinity":376,"b:1751:16:1751:43:1751:43:1751:Infinity":109,"s:1752:15:1752:Infinity":377,"b:1753:2:1756:Infinity:undefined:undefined:undefined:undefined":110,"s:1753:2:1756:Infinity":378,"s:1754:4:1754:Infinity":379,"s:1755:4:1755:Infinity":380,"s:1758:18:1758:Infinity":381,"s:1759:2:1763:Infinity":382,"s:1765:18:1769:Infinity":383,"b:1770:2:1774:Infinity:undefined:undefined:undefined:undefined":111,"s:1770:2:1774:Infinity":384,"s:1771:4:1773:Infinity":385,"s:1776:23:1776:Infinity":386,"s:1778:14:1780:Infinity":387,"b:1779:6:1779:Infinity:1780:6:1780:Infinity":112,"b:1778:14:1778:54:1778:54:1778:Infinity":113,"s:1781:15:1781:Infinity":388,"s:1782:22:1782:Infinity":389,"b:1782:31:1782:58:1782:58:1782:Infinity":114,"b:1783:2:1790:Infinity:undefined:undefined:undefined:undefined":115,"s:1783:2:1790:Infinity":390,"b:1783:6:1783:31:1783:31:1783:55":116,"s:1784:4:1789:Infinity":391,"s:1784:17:1784:20":392,"s:1785:6:1785:Infinity":393,"s:1786:6:1786:Infinity":394,"s:1787:6:1787:Infinity":395,"b:1787:31:1787:58:1787:58:1787:Infinity":117,"b:1788:6:1788:Infinity:undefined:undefined:undefined:undefined":118,"s:1788:6:1788:Infinity":396,"s:1788:34:1788:Infinity":397,"s:1791:16:1791:Infinity":398,"b:1791:16:1791:32:1791:32:1791:49:1791:49:1791:Infinity":119,"s:1794:4:1796:Infinity":399,"b:1794:28:1794:Infinity:1795:4:1796:Infinity":120,"b:1795:29:1795:Infinity:1796:4:1796:Infinity":121,"b:1797:2:1803:Infinity:undefined:undefined:undefined:undefined":122,"s:1797:2:1803:Infinity":400,"s:1798:4:1802:Infinity":401,"s:1804:2:1807:Infinity":402,"b:1804:69:1804:81:1804:81:1804:90":123,"b:1806:17:1806:34:1806:34:1806:Infinity":124,"s:1809:2:1809:Infinity":403,"s:1810:2:1810:Infinity":404,"s:1811:2:1811:Infinity":405,"s:1812:2:1812:Infinity":406,"f:1815:9:1815:35":49,"s:1820:2:1929:Infinity":407,"f:1820:13:1820:22":50,"s:1821:22:1821:Infinity":408,"s:1822:20:1822:Infinity":409,"s:1823:22:1823:Infinity":410,"s:1824:16:1824:Infinity":411,"s:1825:25:1825:Infinity":412,"s:1826:56:1826:Infinity":413,"s:1827:19:1827:Infinity":414,"s:1828:28:1828:Infinity":415,"s:1829:29:1829:Infinity":416,"s:1830:4:1834:Infinity":417,"s:1836:10:1860:Infinity":418,"f:1836:10:1836:33":51,"b:1837:6:1837:Infinity:undefined:undefined:undefined:undefined":125,"s:1837:6:1837:Infinity":419,"s:1837:20:1837:Infinity":420,"s:1838:6:1859:Infinity":421,"s:1839:26:1839:Infinity":422,"s:1840:8:1840:Infinity":423,"s:1841:8:1841:Infinity":424,"s:1842:8:1842:Infinity":425,"s:1844:21:1844:Infinity":426,"b:1845:8:1848:Infinity:undefined:undefined:undefined:undefined":126,"s:1845:8:1848:Infinity":427,"s:1846:10:1846:Infinity":428,"s:1847:10:1847:Infinity":429,"s:1850:8:1850:Infinity":430,"s:1851:8:1851:Infinity":431,"s:1852:8:1852:Infinity":432,"s:1853:8:1853:Infinity":433,"s:1855:8:1858:Infinity":434,"s:1862:18:1880:Infinity":435,"f:1862:18:1862:Infinity":52,"s:1864:8:1876:Infinity":436,"s:1877:8:1877:Infinity":437,"s:1882:4:1905:Infinity":438,"f:1882:22:1882:31":53,"s:1883:24:1885:Infinity":439,"b:1884:10:1884:Infinity:1885:10:1885:Infinity":127,"s:1886:6:1886:Infinity":440,"s:1887:6:1904:Infinity":441,"b:1888:8:1903:Infinity:1892:15:1903:Infinity":128,"s:1888:8:1903:Infinity":442,"b:1889:10:1890:Infinity:1890:15:1890:Infinity":129,"s:1889:10:1890:Infinity":443,"s:1889:27:1889:Infinity":444,"s:1890:15:1890:Infinity":445,"s:1891:10:1891:Infinity":446,"b:1892:15:1903:Infinity:1901:15:1903:Infinity":130,"s:1892:15:1903:Infinity":447,"b:1893:10:1893:Infinity:undefined:undefined:undefined:undefined":131,"s:1893:10:1893:Infinity":448,"s:1893:26:1893:Infinity":449,"s:1894:10:1894:Infinity":450,"s:1895:10:1895:Infinity":451,"b:1896:10:1900:Infinity:undefined:undefined:undefined:undefined":132,"s:1896:10:1900:Infinity":452,"b:1896:14:1896:29:1896:29:1896:60":133,"s:1897:12:1897:Infinity":453,"s:1898:12:1898:Infinity":454,"b:1899:12:1899:Infinity:undefined:undefined:undefined:undefined":134,"s:1899:12:1899:Infinity":455,"s:1899:26:1899:Infinity":456,"b:1901:15:1903:Infinity:undefined:undefined:undefined:undefined":135,"s:1901:15:1903:Infinity":457,"s:1902:10:1902:Infinity":458,"s:1907:4:1911:Infinity":459,"f:1907:15:1907:25":54,"s:1908:6:1908:Infinity":460,"s:1909:6:1909:Infinity":461,"s:1910:6:1910:Infinity":462,"s:1913:4:1928:Infinity":463,"f:1913:15:1913:25":55,"s:1914:24:1920:Infinity":464,"s:1921:6:1921:Infinity":465,"b:1922:6:1927:Infinity:undefined:undefined:undefined:undefined":136,"s:1922:6:1927:Infinity":466,"s:1923:8:1923:Infinity":467,"s:1924:20:1924:Infinity":468,"b:1924:44:1924:60:1924:60:1924:67":137,"s:1925:8:1925:Infinity":469,"s:1926:8:1926:Infinity":470,"f:1934:22:1934:32":56,"s:1935:2:1935:Infinity":471,"f:1938:22:1938:36":57,"s:1939:15:1939:Infinity":472,"s:1940:2:1940:Infinity":473,"f:1956:22:1956:32":58,"s:1957:14:1959:Infinity":474,"s:1960:2:1960:Infinity":475,"f:1975:22:1975:38":59,"s:1976:14:1976:Infinity":476,"s:1977:2:1977:Infinity":477,"f:1981:22:1981:Infinity":60,"s:1985:14:1985:Infinity":478,"s:1986:2:1986:Infinity":479,"f:1990:22:1990:Infinity":61,"s:1995:14:1995:Infinity":480,"s:1996:2:1996:Infinity":481,"f:2000:22:2000:Infinity":62,"s:2004:2:2004:Infinity":482,"f:2011:22:2011:Infinity":63,"s:2017:2:2021:Infinity":483,"b:2020:10:2020:18:2020:18:2020:Infinity":138,"f:2028:22:2028:Infinity":64,"s:2033:2:2036:Infinity":484,"f:2043:22:2043:Infinity":65,"s:2048:2:2051:Infinity":485,"b:2050:15:2050:27:2050:27:2050:Infinity":139,"f:2055:22:2055:Infinity":66,"s:2060:2:2060:Infinity":486,"f:2063:22:2063:Infinity":67,"b:2066:10:2066:Infinity":140,"s:2068:13:2071:Infinity":487,"s:2072:2:2072:Infinity":488,"f:2075:22:2075:Infinity":68,"s:2079:13:2083:Infinity":489,"b:2081:18:2081:32:2081:32:2081:35":141,"b:2082:19:2082:34:2082:34:2082:35":142,"b:2084:2:2084:Infinity:undefined:undefined:undefined:undefined":143,"s:2084:2:2084:Infinity":490,"s:2084:34:2084:Infinity":491,"s:2085:2:2085:Infinity":492,"f:2088:22:2088:Infinity":69,"s:2092:2:2092:Infinity":493,"f:2095:22:2095:36":70,"s:2096:15:2096:Infinity":494,"s:2097:2:2097:Infinity":495,"f:2100:22:2100:Infinity":71,"s:2108:15:2108:Infinity":496,"s:2109:2:2109:Infinity":497,"f:2112:22:2112:Infinity":72,"b:2114:22:2114:Infinity":144,"s:2116:2:2118:Infinity":498,"f:2121:22:2121:33":73,"s:2122:2:2122:Infinity":499,"f:2160:22:2160:Infinity":74,"s:2164:2:2164:Infinity":500,"f:2167:22:2167:35":75,"s:2168:2:2168:Infinity":501,"f:2171:22:2171:29":76,"s:2172:2:2172:Infinity":502,"f:2201:22:2201:Infinity":77,"s:2205:2:2205:Infinity":503,"f:2208:22:2208:Infinity":78,"s:2212:2:2212:Infinity":504,"f:2215:22:2215:30":79,"s:2216:2:2216:Infinity":505,"f:2219:22:2219:28":80,"s:2220:2:2220:Infinity":506,"f:2223:22:2223:Infinity":81,"s:2227:40:2227:Infinity":507,"b:2228:2:2228:Infinity:undefined:undefined:undefined:undefined":145,"s:2228:2:2228:Infinity":508,"s:2228:28:2228:Infinity":509,"s:2229:2:2229:Infinity":510,"f:2232:22:2232:Infinity":82,"s:2236:15:2236:Infinity":511,"s:2240:2:2240:Infinity":512,"f:2243:22:2243:29":83,"s:2244:15:2244:Infinity":513,"s:2245:2:2245:Infinity":514,"f:2248:22:2248:Infinity":84,"s:2252:2:2252:Infinity":515,"f:2255:22:2255:Infinity":85,"s:2259:2:2259:Infinity":516,"f:2264:22:2264:37":86,"s:2265:2:2265:Infinity":517,"f:2268:22:2268:42":87,"s:2269:2:2269:Infinity":518,"f:2272:22:2272:38":88,"s:2273:2:2273:Infinity":519,"f:2276:22:2276:38":89,"s:2277:2:2277:Infinity":520,"f:2280:22:2280:41":90,"s:2281:15:2281:Infinity":521,"s:2282:2:2282:Infinity":522,"f:2319:22:2319:34":91,"s:2320:15:2320:Infinity":523,"s:2321:2:2321:Infinity":524,"f:2358:22:2358:Infinity":92,"b:2361:31:2361:Infinity":146,"s:2363:2:2366:Infinity":525,"f:2411:22:2411:Infinity":93,"b:2414:29:2414:Infinity":147,"s:2416:2:2419:Infinity":526,"f:2473:22:2473:Infinity":94,"s:2477:2:2477:Infinity":527,"f:2480:22:2480:Infinity":95,"s:2484:2:2484:Infinity":528,"f:2487:22:2487:37":96,"s:2488:2:2488:Infinity":529,"f:2491:22:2491:40":97,"s:2492:2:2492:Infinity":530,"f:2495:22:2495:37":98,"b:2495:73:2495:104":148,"s:2496:2:2496:Infinity":531,"f:2501:22:2501:32":99,"s:2502:2:2502:Infinity":532,"f:2505:22:2505:37":100,"s:2506:2:2506:Infinity":533,"f:2509:22:2509:38":101,"s:2510:2:2510:Infinity":534,"f:2515:22:2515:38":102,"s:2516:2:2516:Infinity":535,"f:2519:22:2519:44":103,"s:2520:2:2520:Infinity":536,"f:2523:22:2523:38":104,"s:2524:2:2524:Infinity":537,"f:2527:22:2527:40":105,"s:2528:2:2528:Infinity":538,"f:2533:22:2533:Infinity":106,"s:2537:2:2537:Infinity":539,"f:2542:22:2542:Infinity":107,"b:2545:36:2545:Infinity":149,"s:2547:15:2547:Infinity":540,"s:2551:2:2551:Infinity":541,"f:2554:22:2554:32":108,"s:2555:2:2555:Infinity":542,"f:2558:22:2558:Infinity":109,"b:2560:63:2560:Infinity":150,"s:2562:12:2562:Infinity":543,"b:2563:2:2563:Infinity:undefined:undefined:undefined:undefined":151,"s:2563:2:2563:Infinity":544,"s:2563:19:2563:Infinity":545,"b:2564:2:2564:Infinity:undefined:undefined:undefined:undefined":152,"s:2564:2:2564:Infinity":546,"s:2564:32:2564:Infinity":547,"b:2565:2:2565:Infinity:undefined:undefined:undefined:undefined":153,"s:2565:2:2565:Infinity":548,"s:2565:33:2565:Infinity":549,"s:2566:13:2566:Infinity":550,"b:2566:26:2566:47:2566:47:2566:Infinity":154,"s:2567:2:2567:Infinity":551,"f:2583:22:2583:Infinity":110,"b:2585:44:2585:Infinity":155,"s:2587:12:2587:Infinity":552,"b:2588:2:2588:Infinity:undefined:undefined:undefined:undefined":156,"s:2588:2:2588:Infinity":553,"s:2588:17:2588:Infinity":554,"b:2589:2:2589:Infinity:undefined:undefined:undefined:undefined":157,"s:2589:2:2589:Infinity":555,"s:2589:32:2589:Infinity":556,"s:2590:13:2590:Infinity":557,"b:2590:26:2590:47:2590:47:2590:Infinity":158,"s:2591:2:2591:Infinity":558,"f:2640:22:2640:Infinity":111,"s:2646:40:2646:Infinity":559,"b:2647:2:2647:Infinity:undefined:undefined:undefined:undefined":159,"s:2647:2:2647:Infinity":560,"s:2647:14:2647:Infinity":561,"s:2648:2:2648:Infinity":562,"f:2673:22:2673:Infinity":112,"s:2677:2:2677:Infinity":563,"f:2724:22:2724:Infinity":113,"s:2728:2:2728:Infinity":564,"f:2731:22:2731:Infinity":114,"s:2735:2:2735:Infinity":565,"f:2769:22:2769:Infinity":115,"s:2773:2:2773:Infinity":566,"b:2773:64:2773:77:2773:77:2773:79":160,"f:2777:22:2777:Infinity":116,"s:2781:2:2781:Infinity":567,"f:2785:22:2785:Infinity":117,"s:2789:2:2789:Infinity":568,"f:2811:22:2811:Infinity":118,"s:2815:2:2815:Infinity":569,"f:2867:22:2867:Infinity":119,"s:2871:2:2871:Infinity":570,"f:2875:22:2875:Infinity":120,"b:2877:46:2877:Infinity":161,"s:2879:2:2879:Infinity":571,"f:2883:22:2883:Infinity":121,"s:2887:2:2887:Infinity":572,"f:2890:22:2890:38":122,"s:2891:2:2891:Infinity":573,"s:2891:8:2891:42":574,"s:2892:2:2892:Infinity":575,"s:2893:2:2893:Infinity":576,"s:2894:2:2894:Infinity":577,"s:2895:2:2895:Infinity":578,"f:2900:16:2900:45":123,"s:2901:2:2901:Infinity":579,"f:2906:9:2906:29":124,"s:2907:2:2913:Infinity":580,"b:2908:4:2912:Infinity:2910:11:2912:Infinity":162,"s:2908:4:2912:Infinity":581,"s:2909:6:2909:Infinity":582,"b:2909:70:2909:84:2909:84:2909:89":163,"s:2911:6:2911:Infinity":583,"f:2942:22:2942:Infinity":125,"s:2946:2:2946:Infinity":584,"f:2949:22:2949:Infinity":126,"s:2953:2:2953:Infinity":585,"f:2962:22:2962:Infinity":127,"s:2965:2:2965:Infinity":586,"f:2968:16:2968:40":128,"s:2969:2:2969:Infinity":587,"s:2970:2:2970:Infinity":588,"f:2973:22:2973:Infinity":129,"s:2979:40:2979:Infinity":589,"b:2980:2:2980:Infinity:undefined:undefined:undefined:undefined":164,"s:2980:2:2980:Infinity":590,"s:2980:31:2980:Infinity":591,"s:2981:2:2981:Infinity":592}}}
}
